therion 6.1.2 (2022-07-11)
  - using Proj 9.1.0, compiled against 9.1.0
initialization file: /usr/local/etc/therion.ini
reading ... done
checking optional fonts csr10 csti10 csbx10 csss10 csssi10 ... OK
checking optional fonts cmcyr10 cmcti10 cmcbx10 cmcss10 cmcssi10 ... OK
configuration file: config1.th3
reading ... done
reading source files ... done
preprocessing database ... done
output coordinate system: ETRS30
meridian convergence (deg): -6.9983
geomag declinations (deg):
  2022.1.1  2.6264
  2023.1.1  2.7868
scanning centreline tree ... done
searching for centerline loops ... done
calculating station coordinates ... done
calculating basic statistics ... done
processing extended elevation ... done
processing references ... done
selecting export objects ... done
processing projection plan ... done
average distortion: 7.37%
writing Exports/G4-map.kml ... done
writing Exports/M2_Model.shp ... .done
compilation time: 1 sec


###################### scrap distortions #######################
 PROJECTION: plan
 AVERAGE  MAXIMAL  SCRAP
   7.37%  100.00%  scrap19@M2
################### end of scrap distortions ###################

############# CRS transformations chosen by PROJ ###############
  Area of Use (AoU): (6.786, 45.373) (6.786, 45.373)
  [LAT-LONG → LAT-LONG] AoU: [no] transformation: [axis order change (2D) + Null geographic offset from WGS 84 to WGS 84 + axis order change (2D)] definition: [proj=noop ellps=GRS80] accuracy: [0.000 m]
  [LAT-LONG → LAT-LONG] AoU: [yes] transformation: [axis order change (2D) + Null geographic offset from WGS 84 to WGS 84 + axis order change (2D)] definition: [proj=noop ellps=GRS80] accuracy: [0.000 m]
  [LAT-LONG → ETRS30] AoU: [yes] transformation: [axis order change (2D) + Inverse of ETRS89 to WGS 84 (1) + UTM zone 30N] definition: [proj=pipeline step proj=unitconvert xy_in=deg xy_out=rad step proj=utm zone=30 ellps=GRS80] accuracy: [1.000 m]
  [LAT-LONG → EPSG:4326] AoU: [yes] transformation: [axis order change (2D) + Null geographic offset from WGS 84 to WGS 84 + axis order change (2D)] definition: [proj=noop ellps=GRS80] accuracy: [0.000 m]
  [ETRS30 → LONG-LAT] AoU: [yes] transformation: [Inverse of UTM zone 30N + ETRS89 to WGS 84 (1) + axis order change (2D)] definition: [proj=pipeline step inv proj=utm zone=30 ellps=GRS80 step proj=unitconvert xy_in=rad xy_out=deg] accuracy: [1.000 m]
  [ETRS30 → EPSG:4326] AoU: [yes] transformation: [Inverse of UTM zone 30N + ETRS89 to WGS 84 (1) + axis order change (2D)] definition: [proj=pipeline step inv proj=utm zone=30 ellps=GRS80 step proj=unitconvert xy_in=rad xy_out=deg] accuracy: [1.000 m]
  [EPSG:4326 → ETRS30] AoU: [yes] transformation: [axis order change (2D) + Inverse of ETRS89 to WGS 84 (1) + UTM zone 30N] definition: [proj=pipeline step proj=unitconvert xy_in=deg xy_out=rad step proj=utm zone=30 ellps=GRS80] accuracy: [1.000 m]
########## end of CRS transformations chosen by PROJ ###########
