therion 5.4.4 (2019-05-01)
initialization file: /etc/therion.ini
reading ... done
checking optional fonts csr10 csti10 csbx10 csss10 csssi10 ... NOT INSTALLED
checking optional fonts cmcyr10 cmcti10 cmcbx10 cmcss10 cmcssi10 ... NOT INSTALLED
configuration file: config1.th3
reading ... done
reading source files ... done
preprocessing database ... done
scanning centreline tree ... done
searching for centerline loops ... done
calculating station coordinates ... done
processing survey data ... 
####################### cavern log file ########################
 1> Survex 1.2.42
 2> Copyright © 1990-2018 Olly Betts
 3> 
 4> La topographie contient 230 stations, connectées par 228 visées.
 5> Il y a 0 bouclages.
 6> La topographie contient 2 composants connectés.
 7> Longueur totale de la topographie =  946.42m ( 946.42m ajusté)
 8> Longueur totale en projection horizontale =  382.17m
 9> Longueur totale verticale =  691.40m
10> Intervalle vertical = 116.64m (de 1 à 0.00m jusqu’à 230 à -116.64m)
11> Intervalle Nord-Sud = 9.60m (de 220 à 11.77m jusqu’à 154 à 2.17m)
12> Intervalle Est-Ouest = 9.79m (de 150 à 49.40m jusqu’à 190 à 39.61m)
13>  206 1-nœuds.
14>    2 2-nœuds.
15>    4 5-nœuds.
16>    2 6-nœuds.
17>    2 9-nœuds.
18>    2 10-nœuds.
19>    2 12-nœuds.
20>    4 13-nœuds.
21>    2 15-nœuds.
22>    2 17-nœuds.
23>    2 18-nœuds.
24> 
######################### transcription ########################
 4> 230 : 13@CV1 -- 228 : .@CV1
 6> 2 : 1@CV1.Master
10> 1 : 0@CV1.Master -- 230 : 13@CV1
11> 220 : .@CV1 -- 154 : .@CV1
12> 150 : .@CV1 -- 190 : .@CV1
13> 206 : .@CV1
14> 2 : 1@CV1.Master
15> 4 : .@CV1.Master
16> 2 : 1@CV1.Master
17> 2 : 1@CV1.Master
18> 2 : 1@CV1.Master
19> 2 : 1@CV1.Master
20> 4 : .@CV1.Master
21> 2 : 1@CV1.Master
22> 2 : 1@CV1.Master
23> 2 : 1@CV1.Master
#################### end of cavern log file ####################
done
calculating basic statistics ... done
processing extended elevation ... done
processing references ... done
selecting export objects ... done
processing projection extended ... done
average distortion: 0.71%
writing exports/Marbrimba_coupe.pdf ...
####################### metapost log file ########################
This is MetaPost, version 2.00 (TeX Live 2019/Debian) (kpathsea version 6.3.1)  24 OCT 2022 14:32
**data.mp
(/usr/share/texlive/texmf-dist/metapost/base/mpost.mp
(/usr/share/texlive/texmf-dist/metapost/base/plain.mp
Preloading the plain mem file, version 1.005) ) (./data.mp
{randomseed:=42}
 [4001] [4002] [4003] [4004] [4005] [4006] [4007] [4008] [4009] [4010] [4011] [
4012] [4013]
[4014] [1]
[Warning: scrap outline intersects itself in scrap fond@Master] [2] [3] [4]
[5] [6] [7] [8] [9] [10] [11] [12]
[Warning: scrap outline intersects itself in scrap frac1@Master] [13] [14]
[15] (./mptextmp.mp) [16] (./mptextmp.mp) (./mptextmp.mp) (./mptextmp.mp)
(./mptextmp.mp) (./mptextmp.mp) (./mptextmp.mp) [17] [18] [19] [20] [21] [22]
[23] [24] [25] [26] [27] )
 
Here is how much of MetaPost's memory you used:
 4103 strings using 90367 characters
 3203440 bytes of node memory
 1512 symbolic tokens
 9i,82n,18p,213b,5f stack positions out of 16i,98n,22p,250b,6f
41 output files written: data.1 .. data.4014


#################### end of metapost log file ####################
converting scraps ... done
making map ... done
######################## pdftex log file #########################
This is pdfTeX, Version 3.14159265-2.6-1.40.20 (TeX Live 2019/Debian) (preloaded format=pdfetex 2020.11.2)  24 OCT 2022 14:32
entering extended mode
 restricted \write18 enabled.
 %&-line parsing enabled.
**data.tex
(./data.tex (./th_enc.tex) (./th_texts.tex) (./th_resources.tex
(/usr/share/texlive/texmf-dist/tex/generic/pdftex/glyphtounicode.tex))
(./th_fontdef.tex{/var/lib/texmf/fonts/map/pdftex/updmap/pdftex.map})
(./th_formdef.tex) (./th_pagedef.tex (./th_legend.tex)) (./th_pages.tex)
 78 numeric registers used out of 32768

[1] ) 
Here is how much of TeX's memory you used:
 289 strings out of 497099
 2946 string characters out of 6206935
 23492 words of memory out of 5000000
 1518 multiletter control sequences out of 15000+600000
 16065 words of font info for 54 fonts, out of 8000000 for 9000
 14 hyphenation exceptions out of 8191
 10i,5n,8p,1224b,72s stack positions out of 5000i,500n,10000p,200000b,80000s
</usr/share/texlive/texmf-dist/fonts/type1/public/amsfonts/cm/cmss10.pfb><
/usr/share/texlive/texmf-dist/fonts/type1/public/amsfonts/cm/cmssi10.pfb>
Output written on data.pdf (1 page, 55086 bytes).
PDF statistics:
 98 PDF objects out of 1000 (max. 8388607)
 53 compressed objects within 1 object stream
 0 named destinations out of 1000 (max. 500000)
 247 words of extra memory for PDF output out of 10000 (max. 10000000)


##################### end of pdftex log file #####################
done
writing xtherion file ... done
compilation time: 2 sec


###################### scrap distortions #######################
 PROJECTION: extended
 AVERAGE  MAXIMAL  SCRAP
   0.11%   57.05%  fond@Master
   3.28%   36.78%  frac3@Master
   0.99%   28.55%  frac2@Master
   3.45%   14.59%  frac3@
   0.02%    0.20%  frac1@Master
   0.02%    0.09%  frac1@
   0.01%    0.06%  frac2@
   0.00%    0.00%  fond@
################### end of scrap distortions ###################
