therion 6.2.1+030d2c1+dev (2024-11-04)
  - using Proj 9.5.0, compiled against 9.5.0
checking optional fonts csr10 csti10 csbx10 csss10 csssi10 ... OK
checking optional fonts cmcyr10 cmcti10 cmcbx10 cmcss10 cmcssi10 ... OK
configuration file: /Users/martinkern/Documents/GitHub/Vanoise_therion/datas/2024/arcel1/CONFIG1.thconfig
reading ... done
reading source files ... done
preprocessing database ... done
output coordinate system: UTM32
meridian convergence (deg): 1.5868
geomag declinations (deg):
  2022.1.1  2.6229
  2023.1.1  2.7834
  2024.1.1  2.9436
  2025.1.1  3.1036
scanning centreline tree ... done
searching for centerline loops ... done
calculating station coordinates ... done
average loop error: 2.32%
calculating basic statistics ... done
processing extended elevation ... done
processing references ... done
selecting export objects ... done
processing projection plan ... done
average distortion: 0.71%


############### export maps & scraps selection #################
M   -55.48 MP_pieuvre_PG-FM@pieuvre_PG-FM_tot.Arcel1 ()
S   -55.48 pieuvre_PG-FM_SP1@pieuvre_PG-FM_tot.Arcel1 ()
M   -45.91 MP_2023@2023_tot.Arcel1 ()
S    -6.57 arcel1_S1_P@2023_tot.Arcel1 ()
S    -9.78 arcel1_S2_P@2023_tot.Arcel1 ()
S   -27.06 arcel1_S3_P@2023_tot.Arcel1 ()
S   -30.84 arcel1_S4_P@2023_tot.Arcel1 ()
S   -51.59 arcel1_S5_P@2023_tot.Arcel1 ()
S   -49.60 PR-amont23@2023_tot.Arcel1 ()
S   -41.69 amont23_SP1@2023_tot.Arcel1 ()
S   -57.47 SP1-puits_remontant@2023_tot.Arcel1 ()
S   -63.42 SP2_Frequence51@2023_tot.Arcel1 ()
S   -61.11 SP1_Frequence51@2023_tot.Arcel1 ()
S   -53.59 SP-jonction-1@2023_tot.Arcel1 ()
S   -67.89 SP-jonction-2@2023_tot.Arcel1 ()
S   -76.21 SP-jonction-3@2023_tot.Arcel1 ()
M   -44.12 MP_tube-de-prechauffage@tube-de-prechauffage_tot.Arcel1 ()
S   -44.12 tube-de-prechauffage_SP1@tube-de-prechauffage_tot.Arcel1 ()
M   -30.27 MP_diaclase-boucle@diaclase-boucle_tot.Arcel1 ()
S   -30.27 diaclase-boucle_SP1@diaclase-boucle_tot.Arcel1 ()
M   -28.35 MP_pts_oublie@pts_oublie_tot.Arcel1 ()
S   -28.35 pts_oublie_SP1@pts_oublie_tot.Arcel1 ()
M   -19.33 MP_escalier@escalier_tot.Arcel1 ()
S   -19.33 escalier_SP1@escalier_tot.Arcel1 ()
M    -2.22 MP_amont24@amont24_tot.Arcel1 ()
S   -37.78 SP_amont2024-1_1@amont24_tot.Arcel1 ()
S   -18.85 SP_amont2024-1_2@amont24_tot.Arcel1 ()
S   -21.58 SP_amont2024-1_3@amont24_tot.Arcel1 ()
S    -5.22 SP_amont2024-1_4@amont24_tot.Arcel1 ()
S    -0.57 SP_amont2024-2_1@amont24_tot.Arcel1 ()
S    10.27 SP_amont2024-2_2@amont24_tot.Arcel1 ()
S    13.06 SP_amont2024-3_1@amont24_tot.Arcel1 ()
S    42.90 SP_amont2024-3_2@amont24_tot.Arcel1 ()
M    12.65 MP_diaclase_MK-SP@diaclase_MK-SP_tot.Arcel1 ()
S    12.65 diaclase_MK-SP_SP1@diaclase_MK-SP_tot.Arcel1 ()
########## end of export maps & scraps selection ###############
writing /Users/martinkern/Documents/GitHub/Vanoise_therion/datas/2024/arcel1/Exports/arcel1_plan.pdf ...
processing projection none ... done
####################### metapost log file ########################
This is MetaPost, version 2.10 (TeX Live 2024) (kpathsea version 6.4.0)  19 DEC 2024 21:25
**data.mp
(/usr/local/texlive/2024/texmf-dist/metapost/base/mpost.mp
(/usr/local/texlive/2024/texmf-dist/metapost/base/plain.mp
Preloading the plain mem file, version 1.005) ) (./data.mp
{randomseed:=42}
 [1] [2] [3] [4]
[5] [6] [7] [8] [9] [10] [11] [12] [13] [14]
Warning: patterncolor not supported in Therion [15] [16] [1] [2] [3] [4] [5]
[6] [7] [8] [9] [10] [11] [12] [13] [14] [15] [16] [17]
[Warning: scrap outline intersects itself in scrap SP1_Frequence51@2023_tot.Arc
el1] [18] [19] [20] [21] [22] [23] [24] [25] [26] [27] [28] [29] [30] [31]
[32] [33] [34] [35] [36] [37] [38] [39] [40] [41]
[Warning: scrap outline intersects itself in scrap arcel1_S4_P@2023_tot.Arcel1]
[42] [43] [44] [45]
[Warning: scrap outline intersects itself in scrap arcel1_S3_P@2023_tot.Arcel1]
[46] [47] [48] [49] [50] [51] [52] [53] [54] [55] [56]
[Warning: scrap outline intersects itself in scrap tube-de-prechauffage_SP1@tub
e-de-prechauffage_tot.Arcel1] [57] [58]
[Warning: text scaled down to fit the path in scrap tube-de-prechauffage_SP1@tu
be-de-prechauffage_tot.Arcel1] [59] [60] [61] [62] [63] [64] [65] [66] [67]
[68] [69] [70] [71] [72] [73] [74] [75] [76] [77] [78] [79] [80] [81] [82]
[83] [84] [85] [86] [87] [88] [89] [90] [91] [92] [93] [94] [95] [96] [97]
[98] [99] [100] [101] [102] [103] [104] [105]
[Warning: scrap outline intersects itself in scrap diaclase_MK-SP_SP1@diaclase_
MK-SP_tot.Arcel1] [106] [107] [108] (./mptextmp.mp) [109] (./mptextmp.mp)
(./mptextmp.mp) (./mptextmp.mp) (./mptextmp.mp) (./mptextmp.mp) (./mptextmp.mp)
(./mptextmp.mp) [110] [111] [112] [113] [114] [115] [116] [117] [118] [119]
[120] [121] [122] [123] [124] [125] [126] [127] [128] [129] [130] [131] [132]
[133] [134] [135] [136] [137] [138] [139] [140] [141] [142] [143] )
 
Here is how much of MetaPost's memory you used:
 61847 strings using 1482758 characters
 4568584 bytes of node memory
 1776 symbolic tokens
 11i,82n,16p,984b,5f stack positions out of 16i,98n,20p,1187b,6f
159 output files written: data-patt.1 .. data.143


#################### end of metapost log file ####################
converting scraps ... done
making map ... done
######################## pdftex log file #########################
This is pdfTeX, Version 3.141592653-2.6-1.40.26 (TeX Live 2024) (preloaded format=pdftex 2024.10.30)  19 DEC 2024 21:25
entering extended mode
 restricted \write18 enabled.
 %&-line parsing enabled.
**data.tex
(./data.tex (./th_enc.tex) (./th_texts.tex) (./th_resources.tex
(/usr/local/texlive/2024/texmf-dist/tex/generic/pdftex/glyphtounicode.tex))
(./th_fontdef.tex{/usr/local/texlive/2024/texmf-var/fonts/map/pdftex/updmap/pdf
tex.map})
(./th_formdef.tex) (./th_pagedef.tex (./th_legend.tex)
Normal \count register pool exhausted, switching to extended pool.)
(./th_pages.tex)
 253 numeric registers used out of 32768
 [1] ) 
Here is how much of TeX's memory you used:
 516 strings out of 494595
 6453 string characters out of 6146449
 99980 words of memory out of 5000000
 2174 multiletter control sequences out of 15000+600000
 21229 words of font info for 66 fonts, out of 8000000 for 9000
 1416 hyphenation exceptions out of 8191
 10i,5n,9p,1736b,75s stack positions out of 10000i,1000n,20000p,200000b,200000s
</usr/local/texlive/2024/texmf-dist/fonts/type1/public/amsfonts/cm/cmss10
.pfb></usr/local/texlive/2024/texmf-dist/fonts/type1/public/amsfonts/cm/cmssi10
.pfb></usr/local/texlive/2024/texmf-dist/fonts/type1/public/cs/csss10.pfb></usr
/local/texlive/2024/texmf-dist/fonts/type1/public/cs/csssi10.pfb>
Output written on data.pdf (1 page, 447311 bytes).
PDF statistics:
 514 PDF objects out of 1000 (max. 8388607)
 264 compressed objects within 3 object streams
 0 named destinations out of 1000 (max. 500000)
 1467 words of extra memory for PDF output out of 10000 (max. 10000000)


##################### end of pdftex log file #####################
done
processing projection extended ... done
average distortion: 0.46%


############### export maps & scraps selection #################
M     0.00 MC_arcelin_tot@Arcel1 ()
M     0.00 MC_2023@2023_tot.Arcel1 ()
S     0.00 SC-amont-2@2023_tot.Arcel1 ()
S     0.00 SC-amont-1@2023_tot.Arcel1 ()
S     0.00 arcel1_S1_C@2023_tot.Arcel1 ()
S     0.00 arcel1_S2_C@2023_tot.Arcel1 ()
S     0.00 arcel1_S3_C@2023_tot.Arcel1 ()
S     0.00 arcel1_S4_C@2023_tot.Arcel1 ()
S     0.00 arcel1_S5_C@2023_tot.Arcel1 ()
S     0.00 arcel1_S6_C@2023_tot.Arcel1 ()
S     0.00 arcel1_S7_C@2023_tot.Arcel1 ()
S     0.00 SC1_puits-remontant@2023_tot.Arcel1 ()
S     0.00 SC2_puits-remontant@2023_tot.Arcel1 ()
M     0.00 MC_pieuvre_PG-FM@pieuvre_PG-FM_tot.Arcel1 ()
S     0.00 pieuvre_PG-FM_SC1@pieuvre_PG-FM_tot.Arcel1 ()
M     0.00 MC_tube-de-prechauffage@tube-de-prechauffage_tot.Arcel1 ()
S     0.00 tube-de-prechauffage_SC1@tube-de-prechauffage_tot.Arcel1 ()
M     0.00 MC_pts_oublie@pts_oublie_tot.Arcel1 ()
S     0.00 pts-oublie_SC1@pts_oublie_tot.Arcel1 ()
M     0.00 MC_escalier@escalier_tot.Arcel1 ()
S     0.00 escalier_SC0@escalier_tot.Arcel1 ()
S     0.00 escalier_SC1@escalier_tot.Arcel1 ()
S     0.00 escalier_SC2@escalier_tot.Arcel1 ()
S     0.00 escalier_SC3@escalier_tot.Arcel1 ()
M     0.00 MC_amont24@amont24_tot.Arcel1 ()
S     0.00 SC_amont2024-1_1@amont24_tot.Arcel1 ()
S     0.00 SC_amont2024-1_3@amont24_tot.Arcel1 ()
S     0.00 SC_amont2024-1_4@amont24_tot.Arcel1 ()
S     0.00 SC_amont2024-2_1@amont24_tot.Arcel1 ()
S     0.00 SC_amont2024-2_2@amont24_tot.Arcel1 ()
S     0.00 SC1_amont2024-3@amont24_tot.Arcel1 ()
S     0.00 SC_amont2024-3_2@amont24_tot.Arcel1 ()
M     0.00 MC_diaclase-boucle@diaclase-boucle_tot.Arcel1 ()
S     0.00 diaclase-boucle_SC1@diaclase-boucle_tot.Arcel1 ()
M     0.00 MC_diaclase_MK-SP@diaclase_MK-SP_tot.Arcel1 ()
S     0.00 diaclase_MK-SP_SC1@diaclase_MK-SP_tot.Arcel1 ()
########## end of export maps & scraps selection ###############
writing /Users/martinkern/Documents/GitHub/Vanoise_therion/datas/2024/arcel1/Exports/arcel1_coupe.pdf ...
####################### metapost log file ########################
This is MetaPost, version 2.10 (TeX Live 2024) (kpathsea version 6.4.0)  19 DEC 2024 21:25
**data.mp
(/usr/local/texlive/2024/texmf-dist/metapost/base/mpost.mp
(/usr/local/texlive/2024/texmf-dist/metapost/base/plain.mp
Preloading the plain mem file, version 1.005) ) (./data.mp
{randomseed:=42}
 [1] [2] [3] [4]
[5] [6] [7] [8] [9] [10] [11] [12] [13] [14]
Warning: patterncolor not supported in Therion [15] [16] [1] [2] [3] [4] [5]
[6] [7] [8] [9] [10] [11] [12] [13] [14] [15] [16] [17] [18] [19] [20] [21]
[22] [23] [24] [25]
[Warning: scrap outline intersects itself in scrap arcel1_S2_C@2023_tot.Arcel1]
[26] [27] [28] [29] [30] [31] [32] [33] [34] [35] [36] [37] [38] [39] [40]
[41] [42] [43] [44] [45] [46] [47] [48] [49] [50] [51] [52] [53] [54] [55]
[56] [57] [58] [59] [60] [61] [62] [63] [64] [65] [66] [67] [68] [69] [70]
[71] [72]
[Warning: scrap outline intersects itself in scrap SC_amont2024-2_2@amont24_tot
.Arcel1] [73] [74] [75] [76]
[Warning: scrap outline intersects itself in scrap SC_amont2024-2_1@amont24_tot
.Arcel1] [77] [78] [79] [80] [81] [82] [83] [84] [85] [86] [87] [88] [89] [90]
[91] [92] [93] [94] [95] [96] [97] [98] (./mptextmp.mp) [99] (./mptextmp.mp)
(./mptextmp.mp) (./mptextmp.mp) (./mptextmp.mp) (./mptextmp.mp) (./mptextmp.mp)
(./mptextmp.mp) [100] [101] [102] [103] [104] [105] [106] [107] [108] [109]
[110] [111] [112] [113] [114] [115] [116] [117] [118] [119] [120] [121] [122]
[123] [124] [125] [126] [127] )
 
Here is how much of MetaPost's memory you used:
 49874 strings using 1241316 characters
 4271608 bytes of node memory
 1775 symbolic tokens
 10i,82n,16p,877b,5f stack positions out of 16i,98n,20p,950b,6f
143 output files written: data-patt.1 .. data.127


#################### end of metapost log file ####################
converting scraps ... done
making map ... done
######################## pdftex log file #########################
This is pdfTeX, Version 3.141592653-2.6-1.40.26 (TeX Live 2024) (preloaded format=pdftex 2024.10.30)  19 DEC 2024 21:25
entering extended mode
 restricted \write18 enabled.
 %&-line parsing enabled.
**data.tex
(./data.tex (./th_enc.tex) (./th_texts.tex) (./th_resources.tex
(/usr/local/texlive/2024/texmf-dist/tex/generic/pdftex/glyphtounicode.tex))
(./th_fontdef.tex{/usr/local/texlive/2024/texmf-var/fonts/map/pdftex/updmap/pdf
tex.map})
(./th_formdef.tex
Normal \count register pool exhausted, switching to extended pool.)
(./th_pagedef.tex (./th_legend.tex)) (./th_pages.tex)
 253 numeric registers used out of 32768
 [1] ) 
Here is how much of TeX's memory you used:
 567 strings out of 494595
 7265 string characters out of 6146449
 87203 words of memory out of 5000000
 2225 multiletter control sequences out of 15000+600000
 21229 words of font info for 66 fonts, out of 8000000 for 9000
 1416 hyphenation exceptions out of 8191
 10i,5n,9p,1736b,75s stack positions out of 10000i,1000n,20000p,200000b,200000s
</usr/local/texlive/2024/texmf-dist/fonts/type1/public/amsfonts/cm/cmss10
.pfb></usr/local/texlive/2024/texmf-dist/fonts/type1/public/amsfonts/cm/cmssi10
.pfb></usr/local/texlive/2024/texmf-dist/fonts/type1/public/cs/csss10.pfb></usr
/local/texlive/2024/texmf-dist/fonts/type1/public/cs/csssi10.pfb>
Output written on data.pdf (1 page, 610532 bytes).
PDF statistics:
 608 PDF objects out of 1000 (max. 8388607)
 307 compressed objects within 4 object streams
 0 named destinations out of 1000 (max. 500000)
 1739 words of extra memory for PDF output out of 10000 (max. 10000000)


##################### end of pdftex log file #####################
done


############### export maps & scraps selection #################
M   -55.48 MP_pieuvre_PG-FM@pieuvre_PG-FM_tot.Arcel1 ()
S   -55.48 pieuvre_PG-FM_SP1@pieuvre_PG-FM_tot.Arcel1 ()
M   -45.91 MP_2023@2023_tot.Arcel1 ()
S    -6.57 arcel1_S1_P@2023_tot.Arcel1 ()
S    -9.78 arcel1_S2_P@2023_tot.Arcel1 ()
S   -27.06 arcel1_S3_P@2023_tot.Arcel1 ()
S   -30.84 arcel1_S4_P@2023_tot.Arcel1 ()
S   -51.59 arcel1_S5_P@2023_tot.Arcel1 ()
S   -49.60 PR-amont23@2023_tot.Arcel1 ()
S   -41.69 amont23_SP1@2023_tot.Arcel1 ()
S   -57.47 SP1-puits_remontant@2023_tot.Arcel1 ()
S   -63.42 SP2_Frequence51@2023_tot.Arcel1 ()
S   -61.11 SP1_Frequence51@2023_tot.Arcel1 ()
S   -53.59 SP-jonction-1@2023_tot.Arcel1 ()
S   -67.89 SP-jonction-2@2023_tot.Arcel1 ()
S   -76.21 SP-jonction-3@2023_tot.Arcel1 ()
M   -44.12 MP_tube-de-prechauffage@tube-de-prechauffage_tot.Arcel1 ()
S   -44.12 tube-de-prechauffage_SP1@tube-de-prechauffage_tot.Arcel1 ()
M   -30.27 MP_diaclase-boucle@diaclase-boucle_tot.Arcel1 ()
S   -30.27 diaclase-boucle_SP1@diaclase-boucle_tot.Arcel1 ()
M   -28.35 MP_pts_oublie@pts_oublie_tot.Arcel1 ()
S   -28.35 pts_oublie_SP1@pts_oublie_tot.Arcel1 ()
M   -19.33 MP_escalier@escalier_tot.Arcel1 ()
S   -19.33 escalier_SP1@escalier_tot.Arcel1 ()
M    -2.22 MP_amont24@amont24_tot.Arcel1 ()
S   -37.78 SP_amont2024-1_1@amont24_tot.Arcel1 ()
S   -18.85 SP_amont2024-1_2@amont24_tot.Arcel1 ()
S   -21.58 SP_amont2024-1_3@amont24_tot.Arcel1 ()
S    -5.22 SP_amont2024-1_4@amont24_tot.Arcel1 ()
S    -0.57 SP_amont2024-2_1@amont24_tot.Arcel1 ()
S    10.27 SP_amont2024-2_2@amont24_tot.Arcel1 ()
S    13.06 SP_amont2024-3_1@amont24_tot.Arcel1 ()
S    42.90 SP_amont2024-3_2@amont24_tot.Arcel1 ()
M    12.65 MP_diaclase_MK-SP@diaclase_MK-SP_tot.Arcel1 ()
S    12.65 diaclase_MK-SP_SP1@diaclase_MK-SP_tot.Arcel1 ()
########## end of export maps & scraps selection ###############
writing /Users/martinkern/Documents/GitHub/Vanoise_therion/datas/2024/arcel1/Exports/arcel1_plan-travail.pdf ...
####################### metapost log file ########################
This is MetaPost, version 2.10 (TeX Live 2024) (kpathsea version 6.4.0)  19 DEC 2024 21:25
**data.mp
(/usr/local/texlive/2024/texmf-dist/metapost/base/mpost.mp
(/usr/local/texlive/2024/texmf-dist/metapost/base/plain.mp
Preloading the plain mem file, version 1.005) ) (./data.mp
{randomseed:=42}
 [1] [2] [3] [4]
[5] [6] [7] [8] [9] [10] [11] [12] [13] [14]
Warning: patterncolor not supported in Therion [15] [16] [1] [2] [3] [4] [5]
[6] [7] [8] [9] [10] [11] [12] [13] [14] [15] [16] [17]
[Warning: scrap outline intersects itself in scrap SP1_Frequence51@2023_tot.Arc
el1] [18] [19] [20] [21] [22] [23] [24] [25] [26] [27] [28] [29] [30] [31]
[32] [33] [34] [35] [36] [37] [38] [39] [40] [41]
[Warning: scrap outline intersects itself in scrap arcel1_S4_P@2023_tot.Arcel1]
[42] [43] [44] [45]
[Warning: scrap outline intersects itself in scrap arcel1_S3_P@2023_tot.Arcel1]
[46] [47] [48] [49] [50] [51] [52] [53] [54] [55] [56] [57]
[Warning: scrap outline intersects itself in scrap tube-de-prechauffage_SP1@tub
e-de-prechauffage_tot.Arcel1] [58] [59]
[Warning: text scaled down to fit the path in scrap tube-de-prechauffage_SP1@tu
be-de-prechauffage_tot.Arcel1] [60] [61] [62] [63] [64] [65] [66] [67] [68]
[69] [70] [71] [72] [73] [74] [75] [76] [77] [78] [79] [80] [81] [82] [83]
[84] [85] [86] [87] [88] [89] [90] [91] [92] [93] [94] [95] [96] [97] [98]
[99] [100] [101] [102] [103] [104] [105] [106] [107]
[Warning: scrap outline intersects itself in scrap diaclase_MK-SP_SP1@diaclase_
MK-SP_tot.Arcel1] [108] [109] [110] (./mptextmp.mp) [111] (./mptextmp.mp)
(./mptextmp.mp) (./mptextmp.mp) (./mptextmp.mp) (./mptextmp.mp) (./mptextmp.mp)
(./mptextmp.mp) [112] [113] [114] [115] [116] [117] [118] [119] [120] [121]
[122] [123] [124] [125] [126] [127] [128] [129] [130] [131] [132] [133] [134]
[135] [136] [137] [138] [139] [140] [141] [142] [143] [144] [145] [146] [147] )

 
Here is how much of MetaPost's memory you used:
 108534 strings using 2821209 characters
 5302760 bytes of node memory
 1777 symbolic tokens
 11i,82n,16p,984b,5f stack positions out of 16i,98n,20p,1187b,6f163 output files written: data-patt.1 .. data.147


#################### end of metapost log file ####################
converting scraps ... done
making map ... done
######################## pdftex log file #########################
This is pdfTeX, Version 3.141592653-2.6-1.40.26 (TeX Live 2024) (preloaded format=pdftex 2024.10.30)  19 DEC 2024 21:25
entering extended mode
 restricted \write18 enabled.
 %&-line parsing enabled.
**data.tex
(./data.tex (./th_enc.tex) (./th_texts.tex) (./th_resources.tex
(/usr/local/texlive/2024/texmf-dist/tex/generic/pdftex/glyphtounicode.tex))
(./th_fontdef.tex{/usr/local/texlive/2024/texmf-var/fonts/map/pdftex/updmap/pdf
tex.map})
(./th_formdef.tex
Normal \count register pool exhausted, switching to extended pool.)
(./th_pagedef.tex (./th_legend.tex)) (./th_pages.tex)
 253 numeric registers used out of 32768
 [1] ) 
Here is how much of TeX's memory you used:
 520 strings out of 494595
 6488 string characters out of 6146449
 139110 words of memory out of 5000000
 2178 multiletter control sequences out of 15000+600000
 21229 words of font info for 66 fonts, out of 8000000 for 9000
 1416 hyphenation exceptions out of 8191
 10i,5n,9p,1736b,75s stack positions out of 10000i,1000n,20000p,200000b,200000s
</usr/local/texlive/2024/texmf-dist/fonts/type1/public/amsfonts/cm/cmss10
.pfb></usr/local/texlive/2024/texmf-dist/fonts/type1/public/amsfonts/cm/cmssi10
.pfb></usr/local/texlive/2024/texmf-dist/fonts/type1/public/cs/csss10.pfb></usr
/local/texlive/2024/texmf-dist/fonts/type1/public/cs/csssi10.pfb>
Output written on data.pdf (1 page, 709555 bytes).
PDF statistics:
 522 PDF objects out of 1000 (max. 8388607)
 268 compressed objects within 3 object streams
 0 named destinations out of 1000 (max. 500000)
 1491 words of extra memory for PDF output out of 10000 (max. 10000000)


##################### end of pdftex log file #####################
done


############### export maps & scraps selection #################
M     0.00 MC_arcelin_tot@Arcel1 ()
M     0.00 MC_2023@2023_tot.Arcel1 ()
S     0.00 SC-amont-2@2023_tot.Arcel1 ()
S     0.00 SC-amont-1@2023_tot.Arcel1 ()
S     0.00 arcel1_S1_C@2023_tot.Arcel1 ()
S     0.00 arcel1_S2_C@2023_tot.Arcel1 ()
S     0.00 arcel1_S3_C@2023_tot.Arcel1 ()
S     0.00 arcel1_S4_C@2023_tot.Arcel1 ()
S     0.00 arcel1_S5_C@2023_tot.Arcel1 ()
S     0.00 arcel1_S6_C@2023_tot.Arcel1 ()
S     0.00 arcel1_S7_C@2023_tot.Arcel1 ()
S     0.00 SC1_puits-remontant@2023_tot.Arcel1 ()
S     0.00 SC2_puits-remontant@2023_tot.Arcel1 ()
M     0.00 MC_pieuvre_PG-FM@pieuvre_PG-FM_tot.Arcel1 ()
S     0.00 pieuvre_PG-FM_SC1@pieuvre_PG-FM_tot.Arcel1 ()
M     0.00 MC_tube-de-prechauffage@tube-de-prechauffage_tot.Arcel1 ()
S     0.00 tube-de-prechauffage_SC1@tube-de-prechauffage_tot.Arcel1 ()
M     0.00 MC_pts_oublie@pts_oublie_tot.Arcel1 ()
S     0.00 pts-oublie_SC1@pts_oublie_tot.Arcel1 ()
M     0.00 MC_escalier@escalier_tot.Arcel1 ()
S     0.00 escalier_SC0@escalier_tot.Arcel1 ()
S     0.00 escalier_SC1@escalier_tot.Arcel1 ()
S     0.00 escalier_SC2@escalier_tot.Arcel1 ()
S     0.00 escalier_SC3@escalier_tot.Arcel1 ()
M     0.00 MC_amont24@amont24_tot.Arcel1 ()
S     0.00 SC_amont2024-1_1@amont24_tot.Arcel1 ()
S     0.00 SC_amont2024-1_3@amont24_tot.Arcel1 ()
S     0.00 SC_amont2024-1_4@amont24_tot.Arcel1 ()
S     0.00 SC_amont2024-2_1@amont24_tot.Arcel1 ()
S     0.00 SC_amont2024-2_2@amont24_tot.Arcel1 ()
S     0.00 SC1_amont2024-3@amont24_tot.Arcel1 ()
S     0.00 SC_amont2024-3_2@amont24_tot.Arcel1 ()
M     0.00 MC_diaclase-boucle@diaclase-boucle_tot.Arcel1 ()
S     0.00 diaclase-boucle_SC1@diaclase-boucle_tot.Arcel1 ()
M     0.00 MC_diaclase_MK-SP@diaclase_MK-SP_tot.Arcel1 ()
S     0.00 diaclase_MK-SP_SC1@diaclase_MK-SP_tot.Arcel1 ()
########## end of export maps & scraps selection ###############
writing /Users/martinkern/Documents/GitHub/Vanoise_therion/datas/2024/arcel1/Exports/arcel1_coupe-travail.pdf ...
####################### metapost log file ########################
This is MetaPost, version 2.10 (TeX Live 2024) (kpathsea version 6.4.0)  19 DEC 2024 21:25
**data.mp
(/usr/local/texlive/2024/texmf-dist/metapost/base/mpost.mp
(/usr/local/texlive/2024/texmf-dist/metapost/base/plain.mp
Preloading the plain mem file, version 1.005) ) (./data.mp
{randomseed:=42}
 [1] [2] [3] [4]
[5] [6] [7] [8] [9] [10] [11] [12] [13] [14]
Warning: patterncolor not supported in Therion [15] [16] [1] [2] [3] [4] [5]
[6] [7] [8] [9] [10] [11] [12] [13] [14] [15] [16] [17] [18] [19] [20] [21]
[22] [23] [24] [25] [26] [27]
[Warning: scrap outline intersects itself in scrap arcel1_S2_C@2023_tot.Arcel1]
[28] [29] [30] [31] [32] [33] [34] [35] [36] [37] [38] [39] [40] [41] [42]
[43] [44] [45] [46] [47] [48] [49] [50] [51] [52] [53] [54] [55] [56] [57]
[58] [59] [60] [61] [62] [63] [64] [65] [66] [67] [68] [69] [70] [71] [72]
[73] [74] [75] [76] [77] [78] [79]
[Warning: scrap outline intersects itself in scrap SC_amont2024-2_2@amont24_tot
.Arcel1] [80] [81] [82] [83]
[Warning: scrap outline intersects itself in scrap SC_amont2024-2_1@amont24_tot
.Arcel1] [84] [85] [86] [87] [88] [89] [90] [91] [92] [93] [94] [95] [96] [97]
[98] [99] [100] [101] [102] [103] [104] [105] [106] (./mptextmp.mp) [107]
(./mptextmp.mp) (./mptextmp.mp) (./mptextmp.mp) (./mptextmp.mp) (./mptextmp.mp)
(./mptextmp.mp) (./mptextmp.mp) [108] [109] [110] [111] [112] [113] [114] [115]
[116] [117] [118] [119] [120] [121] [122] [123] [124] [125] [126] [127] [128]
[129] [130] [131] [132] [133] [134] [135] [136] [137] )
 
Here is how much of MetaPost's memory you used:
 99033 strings using 2662286 characters
 5003288 bytes of node memory
 1776 symbolic tokens
 10i,82n,16p,877b,5f stack positions out of 16i,98n,20p,950b,6f
153 output files written: data-patt.1 .. data.137


#################### end of metapost log file ####################
converting scraps ... done
making map ... done
######################## pdftex log file #########################
This is pdfTeX, Version 3.141592653-2.6-1.40.26 (TeX Live 2024) (preloaded format=pdftex 2024.10.30)  19 DEC 2024 21:25
entering extended mode
 restricted \write18 enabled.
 %&-line parsing enabled.
**data.tex
(./data.tex (./th_enc.tex) (./th_texts.tex) (./th_resources.tex
(/usr/local/texlive/2024/texmf-dist/tex/generic/pdftex/glyphtounicode.tex))
(./th_fontdef.tex{/usr/local/texlive/2024/texmf-var/fonts/map/pdftex/updmap/pdf
tex.map})
(./th_formdef.tex
Normal \count register pool exhausted, switching to extended pool.)
(./th_pagedef.tex (./th_legend.tex)) (./th_pages.tex)
 253 numeric registers used out of 32768
 [1] ) 
Here is how much of TeX's memory you used:
 577 strings out of 494595
 7364 string characters out of 6146449
 281378 words of memory out of 5000000
 2235 multiletter control sequences out of 15000+600000
 21229 words of font info for 66 fonts, out of 8000000 for 9000
 1416 hyphenation exceptions out of 8191
 10i,5n,9p,1736b,75s stack positions out of 10000i,1000n,20000p,200000b,200000s
</usr/local/texlive/2024/texmf-dist/fonts/type1/public/amsfonts/cm/cmss10
.pfb></usr/local/texlive/2024/texmf-dist/fonts/type1/public/amsfonts/cm/cmssi10
.pfb></usr/local/texlive/2024/texmf-dist/fonts/type1/public/cs/csss10.pfb></usr
/local/texlive/2024/texmf-dist/fonts/type1/public/cs/csssi10.pfb>
Output written on data.pdf (1 page, 1363425 bytes).
PDF statistics:
 630 PDF objects out of 1000 (max. 8388607)
 318 compressed objects within 4 object streams
 0 named destinations out of 1000 (max. 500000)
 1805 words of extra memory for PDF output out of 10000 (max. 10000000)


##################### end of pdftex log file #####################
done


############### export maps & scraps selection #################
M   -55.48 MP_pieuvre_PG-FM@pieuvre_PG-FM_tot.Arcel1 ()
S   -55.48 pieuvre_PG-FM_SP1@pieuvre_PG-FM_tot.Arcel1 ()
M   -45.91 MP_2023@2023_tot.Arcel1 ()
S    -6.57 arcel1_S1_P@2023_tot.Arcel1 ()
S    -9.78 arcel1_S2_P@2023_tot.Arcel1 ()
S   -27.06 arcel1_S3_P@2023_tot.Arcel1 ()
S   -30.84 arcel1_S4_P@2023_tot.Arcel1 ()
S   -51.59 arcel1_S5_P@2023_tot.Arcel1 ()
S   -49.60 PR-amont23@2023_tot.Arcel1 ()
S   -41.69 amont23_SP1@2023_tot.Arcel1 ()
S   -57.47 SP1-puits_remontant@2023_tot.Arcel1 ()
S   -63.42 SP2_Frequence51@2023_tot.Arcel1 ()
S   -61.11 SP1_Frequence51@2023_tot.Arcel1 ()
S   -53.59 SP-jonction-1@2023_tot.Arcel1 ()
S   -67.89 SP-jonction-2@2023_tot.Arcel1 ()
S   -76.21 SP-jonction-3@2023_tot.Arcel1 ()
M   -44.12 MP_tube-de-prechauffage@tube-de-prechauffage_tot.Arcel1 ()
S   -44.12 tube-de-prechauffage_SP1@tube-de-prechauffage_tot.Arcel1 ()
M   -30.27 MP_diaclase-boucle@diaclase-boucle_tot.Arcel1 ()
S   -30.27 diaclase-boucle_SP1@diaclase-boucle_tot.Arcel1 ()
M   -28.35 MP_pts_oublie@pts_oublie_tot.Arcel1 ()
S   -28.35 pts_oublie_SP1@pts_oublie_tot.Arcel1 ()
M   -19.33 MP_escalier@escalier_tot.Arcel1 ()
S   -19.33 escalier_SP1@escalier_tot.Arcel1 ()
M    -2.22 MP_amont24@amont24_tot.Arcel1 ()
S   -37.78 SP_amont2024-1_1@amont24_tot.Arcel1 ()
S   -18.85 SP_amont2024-1_2@amont24_tot.Arcel1 ()
S   -21.58 SP_amont2024-1_3@amont24_tot.Arcel1 ()
S    -5.22 SP_amont2024-1_4@amont24_tot.Arcel1 ()
S    -0.57 SP_amont2024-2_1@amont24_tot.Arcel1 ()
S    10.27 SP_amont2024-2_2@amont24_tot.Arcel1 ()
S    13.06 SP_amont2024-3_1@amont24_tot.Arcel1 ()
S    42.90 SP_amont2024-3_2@amont24_tot.Arcel1 ()
M    12.65 MP_diaclase_MK-SP@diaclase_MK-SP_tot.Arcel1 ()
S    12.65 diaclase_MK-SP_SP1@diaclase_MK-SP_tot.Arcel1 ()
########## end of export maps & scraps selection ###############
writing /Users/martinkern/Documents/GitHub/Vanoise_therion/datas/2024/arcel1/Exports/arcel1_DEBUG_plan.pdf ...
####################### metapost log file ########################
This is MetaPost, version 2.10 (TeX Live 2024) (kpathsea version 6.4.0)  19 DEC 2024 21:25
**data.mp
(/usr/local/texlive/2024/texmf-dist/metapost/base/mpost.mp
(/usr/local/texlive/2024/texmf-dist/metapost/base/plain.mp
Preloading the plain mem file, version 1.005) ) (./data.mp
{randomseed:=42}
 [1] [2] [3] [4]
[5] [6] [7] [8] [9] [10] [11] [12] [13] [14]
Warning: patterncolor not supported in Therion [15] [16] [1] [2] [3] [4] [5]
[6] [7] [8] [9] [10] [11] [12] [13] [14] [15] [16] [17]
[Warning: scrap outline intersects itself in scrap SP1_Frequence51@2023_tot.Arc
el1] [18] [19] [20] [21] [22] [23] [24] [25] [26] [27] [28] [29] [30] [31]
[32] [33] [34] [35] [36] [37] [38] [39] [40] [41]
[Warning: scrap outline intersects itself in scrap arcel1_S4_P@2023_tot.Arcel1]
[42] [43] [44] [45]
[Warning: scrap outline intersects itself in scrap arcel1_S3_P@2023_tot.Arcel1]
[46] [47] [48] [49] [50] [51] [52] [53] [54] [55] [56] [57]
[Warning: scrap outline intersects itself in scrap tube-de-prechauffage_SP1@tub
e-de-prechauffage_tot.Arcel1] [58] [59]
[Warning: text scaled down to fit the path in scrap tube-de-prechauffage_SP1@tu
be-de-prechauffage_tot.Arcel1] [60] [61] [62] [63] [64] [65] [66] [67] [68]
[69] [70] [71] [72] [73] [74] [75] [76] [77] [78] [79] [80] [81] [82] [83]
[84] [85] [86] [87] [88] [89] [90] [91] [92] [93] [94] [95] [96] [97] [98]
[99] [100] [101] [102] [103] [104] [105] [106] [107]
[Warning: scrap outline intersects itself in scrap diaclase_MK-SP_SP1@diaclase_
MK-SP_tot.Arcel1] [108] [109] [110] (./mptextmp.mp) [111] (./mptextmp.mp)
(./mptextmp.mp) (./mptextmp.mp) (./mptextmp.mp) (./mptextmp.mp) (./mptextmp.mp)
(./mptextmp.mp) [112] [113] [114] [115] [116] [117] [118] [119] [120] [121]
[122] [123] [124] [125] [126] [127] [128] [129] [130] [131] [132] [133] [134]
[135] [136] [137] [138] [139] [140] [141] [142] [143] [144] [145] )
 
Here is how much of MetaPost's memory you used:
 62074 strings using 1485934 characters
 4586120 bytes of node memory
 1776 symbolic tokens
 11i,82n,16p,984b,5f stack positions out of 16i,98n,20p,1187b,6f
161 output files written: data-patt.1 .. data.145


#################### end of metapost log file ####################
converting scraps ... done
making map ... done
######################## pdftex log file #########################
This is pdfTeX, Version 3.141592653-2.6-1.40.26 (TeX Live 2024) (preloaded format=pdftex 2024.10.30)  19 DEC 2024 21:25
entering extended mode
 restricted \write18 enabled.
 %&-line parsing enabled.
**data.tex
(./data.tex (./th_enc.tex) (./th_texts.tex) (./th_resources.tex
(/usr/local/texlive/2024/texmf-dist/tex/generic/pdftex/glyphtounicode.tex))
(./th_fontdef.tex{/usr/local/texlive/2024/texmf-var/fonts/map/pdftex/updmap/pdf
tex.map})
(./th_formdef.tex
Normal \count register pool exhausted, switching to extended pool.)
(./th_pagedef.tex (./th_legend.tex)) (./th_pages.tex)
 253 numeric registers used out of 32768
 [1] ) 
Here is how much of TeX's memory you used:
 518 strings out of 494595
 6475 string characters out of 6146449
 114206 words of memory out of 5000000
 2176 multiletter control sequences out of 15000+600000
 21229 words of font info for 66 fonts, out of 8000000 for 9000
 1416 hyphenation exceptions out of 8191
 10i,5n,9p,1736b,75s stack positions out of 10000i,1000n,20000p,200000b,200000s
</usr/local/texlive/2024/texmf-dist/fonts/type1/public/amsfonts/cm/cmss10
.pfb></usr/local/texlive/2024/texmf-dist/fonts/type1/public/amsfonts/cm/cmssi10
.pfb></usr/local/texlive/2024/texmf-dist/fonts/type1/public/cs/csss10.pfb></usr
/local/texlive/2024/texmf-dist/fonts/type1/public/cs/csssi10.pfb>
Output written on data.pdf (1 page, 525309 bytes).
PDF statistics:
 518 PDF objects out of 1000 (max. 8388607)
 266 compressed objects within 3 object streams
 0 named destinations out of 1000 (max. 500000)
 1479 words of extra memory for PDF output out of 10000 (max. 10000000)


##################### end of pdftex log file #####################
done


############### export maps & scraps selection #################
M     0.00 MC_arcelin_tot@Arcel1 ()
M     0.00 MC_2023@2023_tot.Arcel1 ()
S     0.00 SC-amont-2@2023_tot.Arcel1 ()
S     0.00 SC-amont-1@2023_tot.Arcel1 ()
S     0.00 arcel1_S1_C@2023_tot.Arcel1 ()
S     0.00 arcel1_S2_C@2023_tot.Arcel1 ()
S     0.00 arcel1_S3_C@2023_tot.Arcel1 ()
S     0.00 arcel1_S4_C@2023_tot.Arcel1 ()
S     0.00 arcel1_S5_C@2023_tot.Arcel1 ()
S     0.00 arcel1_S6_C@2023_tot.Arcel1 ()
S     0.00 arcel1_S7_C@2023_tot.Arcel1 ()
S     0.00 SC1_puits-remontant@2023_tot.Arcel1 ()
S     0.00 SC2_puits-remontant@2023_tot.Arcel1 ()
M     0.00 MC_pieuvre_PG-FM@pieuvre_PG-FM_tot.Arcel1 ()
S     0.00 pieuvre_PG-FM_SC1@pieuvre_PG-FM_tot.Arcel1 ()
M     0.00 MC_tube-de-prechauffage@tube-de-prechauffage_tot.Arcel1 ()
S     0.00 tube-de-prechauffage_SC1@tube-de-prechauffage_tot.Arcel1 ()
M     0.00 MC_pts_oublie@pts_oublie_tot.Arcel1 ()
S     0.00 pts-oublie_SC1@pts_oublie_tot.Arcel1 ()
M     0.00 MC_escalier@escalier_tot.Arcel1 ()
S     0.00 escalier_SC0@escalier_tot.Arcel1 ()
S     0.00 escalier_SC1@escalier_tot.Arcel1 ()
S     0.00 escalier_SC2@escalier_tot.Arcel1 ()
S     0.00 escalier_SC3@escalier_tot.Arcel1 ()
M     0.00 MC_amont24@amont24_tot.Arcel1 ()
S     0.00 SC_amont2024-1_1@amont24_tot.Arcel1 ()
S     0.00 SC_amont2024-1_3@amont24_tot.Arcel1 ()
S     0.00 SC_amont2024-1_4@amont24_tot.Arcel1 ()
S     0.00 SC_amont2024-2_1@amont24_tot.Arcel1 ()
S     0.00 SC_amont2024-2_2@amont24_tot.Arcel1 ()
S     0.00 SC1_amont2024-3@amont24_tot.Arcel1 ()
S     0.00 SC_amont2024-3_2@amont24_tot.Arcel1 ()
M     0.00 MC_diaclase-boucle@diaclase-boucle_tot.Arcel1 ()
S     0.00 diaclase-boucle_SC1@diaclase-boucle_tot.Arcel1 ()
M     0.00 MC_diaclase_MK-SP@diaclase_MK-SP_tot.Arcel1 ()
S     0.00 diaclase_MK-SP_SC1@diaclase_MK-SP_tot.Arcel1 ()
########## end of export maps & scraps selection ###############
writing /Users/martinkern/Documents/GitHub/Vanoise_therion/datas/2024/arcel1/Exports/arcel1_DEBUG_coupe.pdf ...
####################### metapost log file ########################
This is MetaPost, version 2.10 (TeX Live 2024) (kpathsea version 6.4.0)  19 DEC 2024 21:25
**data.mp
(/usr/local/texlive/2024/texmf-dist/metapost/base/mpost.mp
(/usr/local/texlive/2024/texmf-dist/metapost/base/plain.mp
Preloading the plain mem file, version 1.005) ) (./data.mp
{randomseed:=42}
 [1] [2] [3] [4]
[5] [6] [7] [8] [9] [10] [11] [12] [13] [14]
Warning: patterncolor not supported in Therion [15] [16] [1] [2] [3] [4] [5]
[6] [7] [8] [9] [10] [11] [12] [13] [14] [15] [16] [17] [18] [19] [20] [21]
[22] [23] [24] [25] [26] [27]
[Warning: scrap outline intersects itself in scrap arcel1_S2_C@2023_tot.Arcel1]
[28] [29] [30] [31] [32] [33] [34] [35] [36] [37] [38] [39] [40] [41] [42]
[43] [44] [45] [46] [47] [48] [49] [50] [51] [52] [53] [54] [55] [56] [57]
[58] [59] [60] [61] [62] [63] [64] [65] [66] [67] [68] [69] [70] [71] [72]
[73] [74] [75] [76]
[Warning: scrap outline intersects itself in scrap SC_amont2024-2_2@amont24_tot
.Arcel1] [77] [78] [79] [80]
[Warning: scrap outline intersects itself in scrap SC_amont2024-2_1@amont24_tot
.Arcel1] [81] [82] [83] [84] [85] [86] [87] [88] [89] [90] [91] [92] [93] [94]
[95] [96] [97] [98] [99] [100] [101] [102] [103] (./mptextmp.mp) [104]
(./mptextmp.mp) (./mptextmp.mp) (./mptextmp.mp) (./mptextmp.mp) (./mptextmp.mp)
(./mptextmp.mp) (./mptextmp.mp) [105] [106] [107] [108] [109] [110] [111] [112]
[113] [114] [115] [116] [117] [118] [119] [120] [121] [122] [123] [124] [125]
[126] [127] [128] [129] [130] [131] [132] )
 
Here is how much of MetaPost's memory you used:
 50072 strings using 1244014 characters
 4300664 bytes of node memory
 1775 symbolic tokens
 10i,82n,16p,877b,5f stack positions out of 16i,98n,20p,950b,6f
148 output files written: data-patt.1 .. data.132


#################### end of metapost log file ####################
converting scraps ... done
making map ... done
######################## pdftex log file #########################
This is pdfTeX, Version 3.141592653-2.6-1.40.26 (TeX Live 2024) (preloaded format=pdftex 2024.10.30)  19 DEC 2024 21:25
entering extended mode
 restricted \write18 enabled.
 %&-line parsing enabled.
**data.tex
(./data.tex (./th_enc.tex) (./th_texts.tex) (./th_resources.tex
(/usr/local/texlive/2024/texmf-dist/tex/generic/pdftex/glyphtounicode.tex))
(./th_fontdef.tex{/usr/local/texlive/2024/texmf-var/fonts/map/pdftex/updmap/pdf
tex.map})
(./th_formdef.tex
Normal \count register pool exhausted, switching to extended pool.)
(./th_pagedef.tex (./th_legend.tex)) (./th_pages.tex)
 253 numeric registers used out of 32768
 [1] ) 
Here is how much of TeX's memory you used:
 572 strings out of 494595
 7320 string characters out of 6146449
 105186 words of memory out of 5000000
 2230 multiletter control sequences out of 15000+600000
 21229 words of font info for 66 fonts, out of 8000000 for 9000
 1416 hyphenation exceptions out of 8191
 10i,5n,9p,1736b,75s stack positions out of 10000i,1000n,20000p,200000b,200000s
</usr/local/texlive/2024/texmf-dist/fonts/type1/public/amsfonts/cm/cmss10
.pfb></usr/local/texlive/2024/texmf-dist/fonts/type1/public/amsfonts/cm/cmssi10
.pfb></usr/local/texlive/2024/texmf-dist/fonts/type1/public/cs/csss10.pfb></usr
/local/texlive/2024/texmf-dist/fonts/type1/public/cs/csssi10.pfb>
Output written on data.pdf (1 page, 688355 bytes).
PDF statistics:
 620 PDF objects out of 1000 (max. 8388607)
 313 compressed objects within 4 object streams
 0 named destinations out of 1000 (max. 500000)
 1775 words of extra memory for PDF output out of 10000 (max. 10000000)


##################### end of pdftex log file #####################
done
compilation time: 25 sec


######################### loop errors ##########################
REL-ERR ABS-ERR TOTAL-L STS X-ERROR Y-ERROR Z-ERROR STATIONS
  7.66%    3.4m   45.0m  15    3.4m    0.1m    0.5m [27@frequence51.2023_tot.Arcel1 - 28 - PTR_2 - 2 - 4 - 5 - 6 - 16b - 17 - 18 - 19 - 20 - 21 - P - 26 - 27]
  6.88%    2.9m   42.4m   7    2.6m    0.7m   -1.2m [16@escalier.escalier_tot.Arcel1 - 16a - 16b - 16c - 13 - 14 - 15 - 16]
  5.74%    1.0m   17.7m   8    0.7m    0.7m   -0.3m [21@pieuvre_PG-FM.pieuvre_PG-FM_tot.Arcel1 - 22 - 23 - 24 - 25 - 26 = 18 - 19 - 20 - 21]
  2.02%    4.9m  243.7m  58   -0.6m   -4.5m    1.9m [0@puits-remontant.2023_tot.Arcel1 - 1 - 2 - 3 - 4 - 5 - 6 - 7 = 21.3@pieuvre_PG-FM.pieuvre_PG-FM_tot.Arcel1 - 21.2 - 21.1 - 21 - 20 - 19 - 18 - 17 - 16 - 15 - 14 - 13 - 12 - 11 - 10 - 9 - 8 - 7 - 6 - 5 - 4 - 3 - 2 - 1 - 0 = 19@amont.2023_tot.Arcel1 - 18 - 17 - 16 - 15 - 14 - 13 - 12 - 11 - 10 - 9 - 8 - 7 - 6 - 5 - 4 - 3 - 2 - 1 - 0 = 53@frequence51.2023_tot.Arcel1 - 52 - 51 - 50 - 49 - 48 - 47 - 44 - 43 = 0@puits-remontant.2023_tot.Arcel1]
  0.79%    2.5m  321.8m  64    1.9m   -0.2m    1.6m [236@escalier.escalier_tot.Arcel1 - 235 - 234 - 233 - 23 - 22 - 21 - 20 - 199 - 19 - 18 - 17 - 16 - 15 - 14 - 13 - 12 - 11 - 10 - 9 - 8 - 7 - 6 - 5 - 4 - 3 - 3a - 3b - 3c = 15@amont2024-1.amont24_tot.Arcel1 - 14 - 13 - 12 - 11 - 10 - 9 - 8 - 7 - 6 - 5 - 4 - 3 - 2 - 1 - 0 = 40@amont.2023_tot.Arcel1 - 39 - 38 - 37 - 36 - 35 - 34 - 33 - 32 - 31 - 30 - 29 - 28 - 27 - 26 - 25 - 24 - 23 - 22 - 21 - 20 - 19 = 236@escalier.escalier_tot.Arcel1]
  0.62%    0.3m   47.6m  14    0.1m    0.1m    0.2m [39@amont2024-1.amont24_tot.Arcel1 - 38 - 37 - 36 - 35 - 34 - 33 - 32 - 31 - 30 - 29 - 28 - 27 - 26 - 25 = 39]
##################### end of loop errors #######################


###################### scrap distortions #######################
 PROJECTION: plan
 AVERAGE  MAXIMAL  SCRAP
   2.68%   85.60%  SP1_Frequence51@2023_tot.Arcel1
   4.26%   83.72%  pts_oublie_SP1@pts_oublie_tot.Arcel1
   0.61%   77.13%  SP-jonction-2@2023_tot.Arcel1
   0.08%   72.82%  SP_amont2024-3_1@amont24_tot.Arcel1
   0.80%   64.77%  diaclase-boucle_SP1@diaclase-boucle_tot.Arcel1
   0.11%   64.46%  SP_amont2024-2_2@amont24_tot.Arcel1
   0.86%   64.34%  SP_amont2024-1_1@amont24_tot.Arcel1
   0.67%   63.41%  SP_amont2024-1_2@amont24_tot.Arcel1
   8.53%   62.67%  SP1-puits_remontant@2023_tot.Arcel1
   0.16%   60.64%  SP_amont2024-2_1@amont24_tot.Arcel1
   4.05%   56.21%  SP-jonction-1@2023_tot.Arcel1
   1.26%   52.91%  pieuvre_PG-FM_SP1@pieuvre_PG-FM_tot.Arcel1
   0.63%   50.57%  amont23_SP1@2023_tot.Arcel1
   0.25%   50.26%  SP_amont2024-1_4@amont24_tot.Arcel1
   0.40%   50.18%  diaclase_MK-SP_SP1@diaclase_MK-SP_tot.Arcel1
   1.60%   42.61%  arcel1_S5_P@2023_tot.Arcel1
   1.55%   40.30%  SP2_Frequence51@2023_tot.Arcel1
   0.35%   17.82%  escalier_SP1@escalier_tot.Arcel1
   0.13%    2.29%  SP-jonction-3@2023_tot.Arcel1
   0.17%    2.18%  arcel1_S1_P@2023_tot.Arcel1
   0.10%    1.79%  arcel1_S3_P@2023_tot.Arcel1
   0.07%    1.15%  SP_amont2024-1_3@amont24_tot.Arcel1
   0.09%    0.99%  arcel1_S2_P@2023_tot.Arcel1
   0.06%    0.44%  arcel1_S4_P@2023_tot.Arcel1
   0.00%    0.08%  SP_amont2024-3_2@amont24_tot.Arcel1
   0.01%    0.05%  tube-de-prechauffage_SP1@tube-de-prechauffage_tot.Arcel1
   0.00%    0.03%  PR-amont23@2023_tot.Arcel1
   0.00%    0.00%  scrap167@amont24_tot.Arcel1
################### end of scrap distortions ###################


###################### scrap distortions #######################
 PROJECTION: extended
 AVERAGE  MAXIMAL  SCRAP
   3.22%  100.00%  arcel1_S3_C@2023_tot.Arcel1
   0.52%  100.00%  pieuvre_PG-FM_SC1@pieuvre_PG-FM_tot.Arcel1
   1.84%  100.00%  SC1_puits-remontant@2023_tot.Arcel1
   0.80%   74.71%  SC-amont-1@2023_tot.Arcel1
   0.36%   66.77%  arcel1_S1_C@2023_tot.Arcel1
   0.57%   58.90%  arcel1_S2_C@2023_tot.Arcel1
   0.07%   35.41%  SC1_amont2024-3@amont24_tot.Arcel1
   1.91%   34.36%  SC2_puits-remontant@2023_tot.Arcel1
   0.04%   32.77%  SC_amont2024-2_1@amont24_tot.Arcel1
   0.24%   30.89%  SC_amont2024-1_1@amont24_tot.Arcel1
   0.47%   30.44%  SC-amont-2@2023_tot.Arcel1
   0.04%   28.07%  SC_amont2024-2_2@amont24_tot.Arcel1
   0.52%   27.99%  escalier_SC1@escalier_tot.Arcel1
   0.08%   27.33%  SC_amont2024-1_3@amont24_tot.Arcel1
   0.41%   21.44%  arcel1_S4_C@2023_tot.Arcel1
   0.58%    8.17%  escalier_SC2@escalier_tot.Arcel1
   0.14%    6.49%  diaclase-boucle_SC1@diaclase-boucle_tot.Arcel1
   0.12%    1.55%  SC_amont2024-1_4@amont24_tot.Arcel1
   0.05%    0.28%  escalier_SC0@escalier_tot.Arcel1
   0.01%    0.16%  escalier_SC3@escalier_tot.Arcel1
   0.00%    0.06%  pts-oublie_SC1@pts_oublie_tot.Arcel1
   0.01%    0.04%  tube-de-prechauffage_SC1@tube-de-prechauffage_tot.Arcel1
   0.00%    0.03%  SC_amont2024-3_2@amont24_tot.Arcel1
   0.00%    0.02%  diaclase_MK-SP_SC1@diaclase_MK-SP_tot.Arcel1
   0.00%    0.01%  arcel1_S6_C@2023_tot.Arcel1
   0.00%    0.01%  arcel1_S5_C@2023_tot.Arcel1
   0.00%    0.01%  arcel1_S7_C@2023_tot.Arcel1
################### end of scrap distortions ###################

############# CRS transformations chosen by PROJ ###############
  Area of Use (AoU): (6.770, 45.365) (6.772, 45.379)
  [UTM32 → LONG-LAT] AoU: [yes] transformation: [Inverse of UTM zone 32N + axis order change (2D)] definition: [proj=pipeline step inv proj=utm zone=32 ellps=WGS84 step proj=unitconvert xy_in=rad xy_out=deg] accuracy: [0.000 m]
  [UTM32 → LAT-LONG] AoU: [no] transformation: [Inverse of UTM zone 32N + axis order change (2D)] definition: [proj=pipeline step inv proj=utm zone=32 ellps=WGS84 step proj=unitconvert xy_in=rad xy_out=deg] accuracy: [0.000 m]
  [UTM32 → UTM32] AoU: [yes] transformation: [Inverse of UTM zone 32N + UTM zone 32N] definition: [proj=noop ellps=GRS80] accuracy: [0.000 m]
  [UTM32 → EPSG:4326] AoU: [yes] transformation: [Inverse of UTM zone 32N + axis order change (2D)] definition: [proj=pipeline step inv proj=utm zone=32 ellps=WGS84 step proj=unitconvert xy_in=rad xy_out=deg] accuracy: [0.000 m]
  [EPSG:2154 → LAT-LONG] AoU: [no] transformation: [Inverse of Lambert-93 + RGF93 v1 to WGS 84 (1) + axis order change (2D)] definition: [proj=pipeline step inv proj=lcc lat_0=46.5 lon_0=3 lat_1=49 lat_2=44 x_0=700000 y_0=6600000 ellps=GRS80 step proj=unitconvert xy_in=rad xy_out=deg] accuracy: [1.000 m]
  [EPSG:2154 → UTM32] AoU: [yes] transformation: [Inverse of Lambert-93 + RGF93 v1 to WGS 84 (1) + UTM zone 32N] definition: [proj=pipeline step inv proj=lcc lat_0=46.5 lon_0=3 lat_1=49 lat_2=44 x_0=700000 y_0=6600000 ellps=GRS80 step proj=utm zone=32 ellps=WGS84] accuracy: [1.000 m]
  [EPSG:4326 → UTM32] AoU: [yes] transformation: [axis order change (2D) + UTM zone 32N] definition: [proj=pipeline step proj=unitconvert xy_in=deg xy_out=rad step proj=utm zone=32 ellps=WGS84] accuracy: [0.000 m]
########## end of CRS transformations chosen by PROJ ###########
