therion 6.2.1 (2024-03-20)
  - using Proj 6.3.1, compiled against 6.3.1
initialization file: /etc/therion.ini
reading ... done
checking optional fonts csr10 csti10 csbx10 csss10 csssi10 ... NOT INSTALLED
checking optional fonts cmcyr10 cmcti10 cmcbx10 cmcss10 cmcssi10 ... NOT INSTALLED
configuration file: escalier_24.thconfig
reading ... done
reading source files ... done
preprocessing database ... done
scanning centreline tree ... done
searching for centerline loops ... done
calculating station coordinates ... done
average loop error: 6.88%
processing survey data ... 
####################### cavern log file ########################
 1> Survex 1.2.42
 2> Copyright © 1990-2018 Olly Betts
 3> La topographie n’a pas de points fixes. Par conséquent j’ai fixé 1 à (0,0,0)
 4> 
 5> La topographie contient 164 stations, connectées par 164 visées.
 6> Il y a 2 bouclages.
 7> La topographie contient 2 composants connectés.
 8> Longueur totale de la topographie =  220.56m ( 220.89m ajusté)
 9> Longueur totale en projection horizontale =  181.70m
10> Longueur totale verticale =   87.43m
11> Intervalle vertical = 33.50m (de 61 à 9.47m jusqu’à 143 à -24.04m)
12> Intervalle Nord-Sud = 22.86m (de 101 à 19.30m jusqu’à 2 à -3.56m)
13> Intervalle Est-Ouest = 95.56m (de 4 à 6.02m jusqu’à 146 à -89.54m)
14>  124 1-nœuds.
15>   12 2-nœuds.
16>    4 3-nœuds.
17>    2 4-nœuds.
18>    9 5-nœuds.
19>    3 6-nœuds.
20>    2 7-nœuds.
21>    3 8-nœuds.
22>    1 9-nœud.
23>    1 10-nœud.
24>    2 11-nœuds.
25>    1 18-nœud.
26> 
######################### transcription ########################
 3> 1 : 0@escalier.escalier_24-tot
 5> 164 : 3c@escalier.escalier_24-tot -- 164 : 3c@escalier.escalier_24-tot
 6> 2 : .@escalier.escalier_24-tot
 7> 2 : .@escalier.escalier_24-tot
11> 61 : .@escalier.escalier_24-tot -- 143 : .@escalier.escalier_24-tot
12> 101 : 17@escalier.escalier_24-tot -- 2 : .@escalier.escalier_24-tot
13> 4 : .@escalier.escalier_24-tot -- 146 : .@escalier.escalier_24-tot
14> 124 : .@escalier.escalier_24-tot
15> 12 : .@escalier.escalier_24-tot
16> 4 : .@escalier.escalier_24-tot
17> 2 : .@escalier.escalier_24-tot
18> 9 : 2@escalier.escalier_24-tot
19> 3 : .@escalier.escalier_24-tot
20> 2 : .@escalier.escalier_24-tot
21> 3 : .@escalier.escalier_24-tot
22> 1 : 0@escalier.escalier_24-tot
23> 1 : 0@escalier.escalier_24-tot
24> 2 : .@escalier.escalier_24-tot
25> 1 : 0@escalier.escalier_24-tot
#################### end of cavern log file ####################
done
calculating basic statistics ... done
processing extended elevation ... done
processing references ... 
therion: warning -- escalier_24.thconfig [67] -- source layout not found -- header_coupe
done
selecting export objects ... done
processing projection plan ... done
average distortion: 0.05%
writing Exports/escalier_24_P.xvi ... done
writing xtherion file ... done
compilation time: 0 sec


######################### loop errors ##########################
REL-ERR ABS-ERR TOTAL-L STS X-ERROR Y-ERROR Z-ERROR STATIONS
  6.88%    2.9m   42.4m   7   -2.5m   -0.9m    1.2m [13@escalier.escalier_24-tot - 16c - 16b - 16a - 16 - 15 - 14 - 13]
##################### end of loop errors #######################


###################### scrap distortions #######################
 PROJECTION: plan
 AVERAGE  MAXIMAL  SCRAP
   0.05%   13.08%  escalier-SP1@escalier_24-tot
################### end of scrap distortions ###################
