therion 5.4.4 (2019-05-01)
initialization file: /etc/therion.ini
reading ... done
checking optional fonts csr10 csti10 csbx10 csss10 csssi10 ... NOT INSTALLED
checking optional fonts cmcyr10 cmcti10 cmcbx10 cmcss10 cmcssi10 ... NOT INSTALLED
configuration file: config1.th3
reading ... done
reading source files ... done
preprocessing database ... done
scanning centreline tree ... done
searching for centerline loops ... done
calculating station coordinates ... done
processing survey data ... 
####################### cavern log file ########################
 1> Survex 1.2.42
 2> Copyright © 1990-2018 Olly Betts
 3> 
 4> La topographie contient 8 stations, connectées par 6 visées.
 5> Il y a 0 bouclages.
 6> La topographie contient 2 composants connectés.
 7> Longueur totale de la topographie =   46.84m (  46.84m ajusté)
 8> Longueur totale en projection horizontale =    2.97m
 9> Longueur totale verticale =   44.26m
10> Intervalle vertical = 22.08m (de 6 à 0.05m jusqu’à 8 à -22.02m)
11> Intervalle Nord-Sud = 0.26m (de 6 à 7.04m jusqu’à 1 à 6.78m)
12> Intervalle Est-Ouest = 1.31m (de 1 à 45.38m jusqu’à 6 à 44.07m)
13>    4 1-nœuds.
14>    4 2-nœuds.
15> 
######################### transcription ########################
 4> 8 : 3@croquis -- 6 : 1@croquis
 6> 2 : 1@croquis.Master
10> 6 : 1@croquis -- 8 : 3@croquis
11> 6 : 1@croquis -- 1 : 0@croquis.Master
12> 1 : 0@croquis.Master -- 6 : 1@croquis
13> 4 : 3@croquis.Master
14> 4 : 3@croquis.Master
#################### end of cavern log file ####################
done
calculating basic statistics ... done
processing extended elevation ... done
processing references ... done
selecting export objects ... done
processing projection extended ... done
average distortion: 0.00%
writing exports/croquisG3_coupe.pdf ...
####################### metapost log file ########################
This is MetaPost, version 2.00 (TeX Live 2019/Debian) (kpathsea version 6.3.1)  24 OCT 2022 14:26
**data.mp
(/usr/share/texlive/texmf-dist/metapost/base/mpost.mp
(/usr/share/texlive/texmf-dist/metapost/base/plain.mp
Preloading the plain mem file, version 1.005) ) (./data.mp
{randomseed:=42}
 [4001] [4002] [4003] [4004] [4005] [4006] [4007] [4008] [4009] [4010] [4011] [
4012] [4013]
[4014] [1]
[Warning: scrap outline intersects itself in scrap scrap15@Master] [2] [3]
[Warning: text scaled down to fit the path in scrap scrap15@Master]
[Warning: text scaled down to fit the path in scrap scrap15@Master] [4]
(./mptextmp.mp) [5] (./mptextmp.mp) (./mptextmp.mp) (./mptextmp.mp)
(./mptextmp.mp) (./mptextmp.mp) (./mptextmp.mp) [6] [7] [8] [9] [10] [11] [12]
[13] [14] )
 
Here is how much of MetaPost's memory you used:
 7146 strings using 169857 characters
 3181120 bytes of node memory
 1514 symbolic tokens
 10i,82n,18p,349b,5f stack positions out of 16i,98n,22p,390b,6f
28 output files written: data.1 .. data.4014


#################### end of metapost log file ####################
converting scraps ... done
making map ... done
######################## pdftex log file #########################
This is pdfTeX, Version 3.14159265-2.6-1.40.20 (TeX Live 2019/Debian) (preloaded format=pdfetex 2020.11.2)  24 OCT 2022 14:26
entering extended mode
 restricted \write18 enabled.
 %&-line parsing enabled.
**data.tex
(./data.tex (./th_enc.tex) (./th_texts.tex) (./th_resources.tex
(/usr/share/texlive/texmf-dist/tex/generic/pdftex/glyphtounicode.tex))
(./th_fontdef.tex{/var/lib/texmf/fonts/map/pdftex/updmap/pdftex.map})
(./th_formdef.tex) (./th_pagedef.tex (./th_legend.tex)) (./th_pages.tex)
 62 numeric registers used out of 32768

[1] ) 
Here is how much of TeX's memory you used:
 273 strings out of 497099
 2781 string characters out of 6206935
 29348 words of memory out of 5000000
 1502 multiletter control sequences out of 15000+600000
 16065 words of font info for 54 fonts, out of 8000000 for 9000
 14 hyphenation exceptions out of 8191
 10i,5n,8p,1200b,72s stack positions out of 5000i,500n,10000p,200000b,80000s
</usr/share/texlive/texmf-dist/fonts/type1/public/amsfonts/cm/cmss10.pfb><
/usr/share/texlive/texmf-dist/fonts/type1/public/amsfonts/cm/cmssi10.pfb>
Output written on data.pdf (1 page, 42152 bytes).
PDF statistics:
 60 PDF objects out of 1000 (max. 8388607)
 34 compressed objects within 1 object stream
 0 named destinations out of 1000 (max. 500000)
 133 words of extra memory for PDF output out of 10000 (max. 10000000)


##################### end of pdftex log file #####################
done
writing xtherion file ... done
compilation time: 3 sec


###################### scrap distortions #######################
 PROJECTION: extended
 AVERAGE  MAXIMAL  SCRAP
   0.00%    0.01%  scrap15@Master
   0.00%    0.01%  scrap15@
################### end of scrap distortions ###################
