therion 6.2.1 (2024-03-20)
  - using Proj 6.3.1, compiled against 6.3.1
initialization file: /etc/therion.ini
reading ... done
checking optional fonts csr10 csti10 csbx10 csss10 csssi10 ... NOT INSTALLED
checking optional fonts cmcyr10 cmcti10 cmcbx10 cmcss10 cmcssi10 ... NOT INSTALLED
configuration file: Arcelin_24.thconfig
reading ... done
reading source files ... done
preprocessing database ... done
scanning centreline tree ... done
searching for centerline loops ... done
calculating station coordinates ... done
average loop error: 0.62%
processing survey data ... 
####################### cavern log file ########################
 1> Survex 1.2.42
 2> Copyright © 1990-2018 Olly Betts
 3> La topographie n’a pas de points fixes. Par conséquent j’ai fixé 313 à (0,0,0)
 4> 
 5> La topographie contient 346 stations, connectées par 346 visées.
 6> Il y a 2 bouclages.
 7> La topographie contient 2 composants connectés.
 8> Longueur totale de la topographie =  302.00m ( 302.02m ajusté)
 9> Longueur totale en projection horizontale =  276.38m
10> Longueur totale verticale =   77.42m
11> Intervalle vertical = 59.84m (de 288 à 19.78m jusqu’à 10 à -40.05m)
12> Intervalle Nord-Sud = 53.39m (de 11 à 23.85m jusqu’à 304 à -29.54m)
13> Intervalle Est-Ouest = 180.68m (de 312 à 74.82m jusqu’à 2 à -105.87m)
14>  277 1-nœuds.
15>    4 2-nœuds.
16>    1 4-nœud.
17>   28 5-nœuds.
18>   15 6-nœuds.
19>   10 7-nœuds.
20>    5 8-nœuds.
21>    1 9-nœud.
22>    2 10-nœuds.
23>    2 11-nœuds.
24>    1 12-nœud.
25> 
######################### transcription ########################
 3> 313 : 100@amont2024-1.Arcelin_24-tot
 5> 346 : .@amont2024-1.Arcelin_24-tot -- 346 : .@amont2024-1.Arcelin_24-tot
 6> 2 : .@amont2024-1.Arcelin_24-tot
 7> 2 : .@amont2024-1.Arcelin_24-tot
11> 288 : .@amont2024-1.Arcelin_24-tot -- 10 : .@amont2024-1.Arcelin_24-tot
12> 11 : .@amont2024-1.Arcelin_24-tot -- 304 : .@amont2024-1.Arcelin_24-tot
13> 312 : 73@amont2024-1.Arcelin_24-tot -- 2 : .@amont2024-1.Arcelin_24-tot
14> 277 : .@amont2024-1.Arcelin_24-tot
15> 4 : .@amont2024-1.Arcelin_24-tot
16> 1 : 0@amont2024-1.Arcelin_24-tot
17> 28 : .@amont2024-1.Arcelin_24-tot
18> 15 : 3@amont2024-1.Arcelin_24-tot
19> 10 : .@amont2024-1.Arcelin_24-tot
20> 5 : .@amont2024-1.Arcelin_24-tot
21> 1 : 0@amont2024-1.Arcelin_24-tot
22> 2 : .@amont2024-1.Arcelin_24-tot
23> 2 : .@amont2024-1.Arcelin_24-tot
24> 1 : 0@amont2024-1.Arcelin_24-tot
#################### end of cavern log file ####################
done
calculating basic statistics ... done
processing extended elevation ... done
processing references ... 
therion: warning -- Arcelin_24.thconfig [67] -- source layout not found -- header_coupe
done
selecting export objects ... done
processing projection extended ... done
writing Data/XVI/Arcelin_24_1_C.xvi ... done
writing xtherion file ... done
compilation time: 0 sec


######################### loop errors ##########################
REL-ERR ABS-ERR TOTAL-L STS X-ERROR Y-ERROR Z-ERROR STATIONS
  0.62%    0.3m   47.6m  14    0.1m    0.1m    0.2m [39@amont2024-1.Arcelin_24-tot - 38 - 37 - 36 - 35 - 34 - 33 - 32 - 31 - 30 - 29 - 28 - 27 - 26 - 25 = 39]
##################### end of loop errors #######################
