therion 6.2.1 (2024-03-20)
  - using Proj 6.3.1, compiled against 6.3.1
initialization file: /etc/therion.ini
reading ... done
checking optional fonts csr10 csti10 csbx10 csss10 csssi10 ... NOT INSTALLED
checking optional fonts cmcyr10 cmcti10 cmcbx10 cmcss10 cmcssi10 ... NOT INSTALLED
configuration file: config1.thcfg
reading ... done
reading source files ... done
preprocessing database ... done
output coordinate system: UTM32
meridian convergence (deg): 1.5868
geomag declinations (deg):
  2022.1.1  2.6229
  2023.1.1  2.7834
  2024.1.1  2.9436
  2025.1.1  3.1036
scanning centreline tree ... done
searching for centerline loops ... done
calculating station coordinates ... done
average loop error: 2.29%
processing survey data ... 
####################### cavern log file ########################
 1> Survex 1.2.42
 2> Copyright © 1990-2018 Olly Betts
 3> 
 4> La topographie contient 2705 stations, connectées par 2711 visées.
 5> Il y a 7 bouclages.
 6> Longueur totale de la topographie = 2022.06m (2022.61m ajusté)
 7> Longueur totale en projection horizontale = 1651.04m
 8> Longueur totale verticale =  823.70m
 9> Intervalle vertical = 135.50m (de 1870 à 51.49m jusqu’à 1211 à -84.00m)
10> Intervalle Nord-Sud = 169.71m (de 2589 à 5027528.71m jusqu’à 1817 à 5027359.00m)
11> Intervalle Est-Ouest = 523.00m (de 1824 à 326031.56m jusqu’à 626 à 325508.55m)
12> 2224 1-nœuds.
13>   67 2-nœuds.
14>   18 3-nœuds.
15>   13 4-nœuds.
16>   96 5-nœuds.
17>   79 6-nœuds.
18>   51 7-nœuds.
19>   33 8-nœuds.
20>   39 9-nœuds.
21>   25 10-nœuds.
22>   20 11-nœuds.
23>   11 12-nœuds.
24>    8 13-nœuds.
25>    8 14-nœuds.
26>    6 15-nœuds.
27>    2 16-nœuds.
28>    1 17-nœud.
29>    2 18-nœuds.
30>    1 19-nœud.
31>    1 20-nœud.
32> 
######################### transcription ########################
 4> 2705 : 13@diaclase-boucle.Arcel1
 5> 7 : .@amont.Arcelin_22-23-tot.Arcel1
 9> 1870 : .@amont2024-3_TC-BU.Arcelin_24-tot.Arcel1 -- 1211 : .@jonction.Arcelin_22-23-tot.Arcel1
10> 2589 : .@pts-actif-2.Arcel1 -- 1817 : .@amont2024-3_TC-BU.Arcelin_24-tot.Arcel1
11> 1824 : .@amont2024-3_TC-BU.Arcelin_24-tot.Arcel1 -- 626 : .@frequence51.Arcelin_22-23-tot.Arcel1
12> 2224 : .@escalier.Arcel1
13> 67 : .@amont.Arcelin_22-23-tot.Arcel1
14> 18 : 3@amont.Arcelin_22-23-tot.Arcel1
15> 13 : .@amont.Arcelin_22-23-tot.Arcel1
16> 96 : .@amont.Arcelin_22-23-tot.Arcel1
17> 79 : 12@amont.Arcelin_22-23-tot.Arcel1
18> 51 : .@amont.Arcelin_22-23-tot.Arcel1
19> 33 : .@amont.Arcelin_22-23-tot.Arcel1
20> 39 : .@amont.Arcelin_22-23-tot.Arcel1
21> 25 : .@amont.Arcelin_22-23-tot.Arcel1
22> 20 : .@amont.Arcelin_22-23-tot.Arcel1
23> 11 : .@amont.Arcelin_22-23-tot.Arcel1
24> 8 : .@amont.Arcelin_22-23-tot.Arcel1
25> 8 : .@amont.Arcelin_22-23-tot.Arcel1
26> 6 : 1@amont.Arcelin_22-23-tot.Arcel1
27> 2 : .@amont.Arcelin_22-23-tot.Arcel1
28> 1 : 0@amont.Arcelin_22-23-tot.Arcel1
29> 2 : .@amont.Arcelin_22-23-tot.Arcel1
30> 1 : 0@amont.Arcelin_22-23-tot.Arcel1
31> 1 : 0@amont.Arcelin_22-23-tot.Arcel1
#################### end of cavern log file ####################
done
calculating basic statistics ... done
processing extended elevation ... done
processing references ... done
selecting export objects ... done
processing projection plan ... done
average distortion: 0.78%


############### export maps & scraps selection #################
M   -28.74 MP@Arcel1 ()
M   -23.72 MP-scrap@Arcel1 ()
S   -19.22 escalier-SP1@Arcel1 ()
S   -28.23 pts_oublie_SP1@Arcel1 ()
M   -45.76 MP-Arcelin_22-23@Arcelin_22-23-tot.Arcel1 (Gouffre de l'Arcelin 2022-2023)
S   -49.60 PR-amont@Arcelin_22-23-tot.Arcel1 ()
S   -41.57 SP-amont-1@Arcelin_22-23-tot.Arcel1 ()
S   -57.46 SP-puits_remontant-1@Arcelin_22-23-tot.Arcel1 ()
S     -.-- SP-Frequence_51-2@Arcelin_22-23-tot.Arcel1 ()
S   -61.14 SP-Frequence_51-1@Arcelin_22-23-tot.Arcel1 ()
S   -63.37 SP-Frequence_51-3@Arcelin_22-23-tot.Arcel1 ()
S    -6.57 arcel1_S1_P@Arcelin_22-23-tot.Arcel1 ()
S    -9.78 arcel1_S2_P@Arcelin_22-23-tot.Arcel1 ()
S   -27.06 arcel1_S3_P@Arcelin_22-23-tot.Arcel1 ()
S   -30.84 arcel1_S4_P@Arcelin_22-23-tot.Arcel1 ()
S   -51.59 arcel1_S5_P@Arcelin_22-23-tot.Arcel1 ()
S   -53.59 SP-jonction-1@Arcelin_22-23-tot.Arcel1 ()
S   -67.89 SP-jonction-2@Arcelin_22-23-tot.Arcel1 ()
S   -76.21 SP-jonction-3@Arcelin_22-23-tot.Arcel1 ()
S   -44.00 tube-de-prechauffage_SP1@Arcelin_22-23-tot.Arcel1 ()
M   -16.72 MP-Arcelin_24@Arcelin_24-tot.Arcel1 (Gouffre de l'Arcelin, Amont 2024)
S   -37.66 SP_amont2024-1_1@Arcelin_24-tot.Arcel1 ()
S   -18.73 SP_amont2024-1_2@Arcelin_24-tot.Arcel1 ()
S   -21.45 SP_amont2024-1_3@Arcelin_24-tot.Arcel1 ()
S    -5.33 SP_amont2024-1_4@Arcelin_24-tot.Arcel1 ()
S    -0.44 SP_amont2024-2_1@Arcelin_24-tot.Arcel1 ()
########## end of export maps & scraps selection ###############
writing Exports/arcel1_plan.pdf ...
processing projection none ... done
####################### metapost log file ########################
This is MetaPost, version 2.00 (TeX Live 2019/Debian) (kpathsea version 6.3.1)  8 NOV 2024 12:11
**data.mp
(/usr/share/texlive/texmf-dist/metapost/base/mpost.mp
(/usr/share/texlive/texmf-dist/metapost/base/plain.mp
Preloading the plain mem file, version 1.005) ) (./data.mp
{randomseed:=42}
 [1] [2] [3] [4]
[5] [6] [7] [8] [9] [10] [11] [12] [13] [14]
[15] [1] [2] [3] [4] [5] [6] [7] [8] [9] [10] [11]
[Warning: scrap outline intersects itself in scrap tube-de-prechauffage_SP1@Arc
elin_22-23-tot.Arcel1] [12] [13] [14] [15] [16] [17] [18] [19] [20] [21] [22]
[23] [24] [25] [26] [27] [28] [29] [30] [31]
[Warning: scrap outline intersects itself in scrap arcel1_S4_P@Arcelin_22-23-to
t.Arcel1] [32] [33] [34] [35]
[Warning: scrap outline intersects itself in scrap arcel1_S3_P@Arcelin_22-23-to
t.Arcel1] [36] [37] [38] [39] [40] [41] [42] [43] [44] [45] [46] [47] [48]
[49] [50] [51] [52] [53] [54] [55] [56] [57] [58]
[Warning: scrap outline intersects itself in scrap SP-amont-1@Arcelin_22-23-tot
.Arcel1] [59] [60] [61] [62] [63] [64] [65] [66] [67] [68] [69] [70] [71] [72]
[73] [74] [75] [76] [77] [78] [79] [80] [81] [82] (./mptextmp.mp) [83]
(./mptextmp.mp) (./mptextmp.mp) (./mptextmp.mp) (./mptextmp.mp) (./mptextmp.mp)
(./mptextmp.mp) (./mptextmp.mp) [84] [85] [86] [87] [88] [89] [90] [91] [92]
[93] [94] [95] [96] [97] [98] [99] [100] [101] [102] [103] [104] [105] [106]
[107] [108] [109] [110] [111] [112] [113] )
 
Here is how much of MetaPost's memory you used:
 41315 strings using 957400 characters
 4810376 bytes of node memory
 1766 symbolic tokens
 11i,82n,16p,477b,5f stack positions out of 16i,98n,20p,487b,6f
128 output files written: data-patt.1 .. data.113


#################### end of metapost log file ####################
converting scraps ... done
making map ... done
######################## pdftex log file #########################
This is pdfTeX, Version 3.14159265-2.6-1.40.20 (TeX Live 2019/Debian) (preloaded format=pdftex 2024.4.16)  8 NOV 2024 12:11
entering extended mode
 restricted \write18 enabled.
 %&-line parsing enabled.
**data.tex
(./data.tex (./th_enc.tex) (./th_texts.tex) (./th_resources.tex
(/usr/share/texlive/texmf-dist/tex/generic/pdftex/glyphtounicode.tex))
(./th_fontdef.tex{/var/lib/texmf/fonts/map/pdftex/updmap/pdftex.map})
(./th_formdef.tex
Normal \count register pool exhausted, switching to extended pool.)
(./th_pagedef.tex (./th_legend.tex)) (./th_pages.tex)
 253 numeric registers used out of 32768
 [1] ) 
Here is how much of TeX's memory you used:
 508 strings out of 497099
 6602 string characters out of 6206938
 133522 words of memory out of 5000000
 1737 multiletter control sequences out of 15000+600000
 16065 words of font info for 54 fonts, out of 8000000 for 9000
 14 hyphenation exceptions out of 8191
 10i,5n,9p,329b,71s stack positions out of 5000i,500n,10000p,200000b,80000s
</usr/share/texlive/texmf-dist/fonts/type1/public/amsfonts/cm/cmss10.pfb>
</usr/share/texlive/texmf-dist/fonts/type1/public/amsfonts/cm/cmssi10.pfb>
Output written on data.pdf (1 page, 507830 bytes).
PDF statistics:
 512 PDF objects out of 1000 (max. 8388607)
 259 compressed objects within 3 object streams
 0 named destinations out of 1000 (max. 500000)
 1483 words of extra memory for PDF output out of 10000 (max. 10000000)


##################### end of pdftex log file #####################
done


############### export maps & scraps selection #################
M   -28.74 MP@Arcel1 ()
M   -23.72 MP-scrap@Arcel1 ()
S   -19.22 escalier-SP1@Arcel1 ()
S   -28.23 pts_oublie_SP1@Arcel1 ()
M   -45.76 MP-Arcelin_22-23@Arcelin_22-23-tot.Arcel1 (Gouffre de l'Arcelin 2022-2023)
S   -49.60 PR-amont@Arcelin_22-23-tot.Arcel1 ()
S   -41.57 SP-amont-1@Arcelin_22-23-tot.Arcel1 ()
S   -57.46 SP-puits_remontant-1@Arcelin_22-23-tot.Arcel1 ()
S     -.-- SP-Frequence_51-2@Arcelin_22-23-tot.Arcel1 ()
S   -61.14 SP-Frequence_51-1@Arcelin_22-23-tot.Arcel1 ()
S   -63.37 SP-Frequence_51-3@Arcelin_22-23-tot.Arcel1 ()
S    -6.57 arcel1_S1_P@Arcelin_22-23-tot.Arcel1 ()
S    -9.78 arcel1_S2_P@Arcelin_22-23-tot.Arcel1 ()
S   -27.06 arcel1_S3_P@Arcelin_22-23-tot.Arcel1 ()
S   -30.84 arcel1_S4_P@Arcelin_22-23-tot.Arcel1 ()
S   -51.59 arcel1_S5_P@Arcelin_22-23-tot.Arcel1 ()
S   -53.59 SP-jonction-1@Arcelin_22-23-tot.Arcel1 ()
S   -67.89 SP-jonction-2@Arcelin_22-23-tot.Arcel1 ()
S   -76.21 SP-jonction-3@Arcelin_22-23-tot.Arcel1 ()
S   -44.00 tube-de-prechauffage_SP1@Arcelin_22-23-tot.Arcel1 ()
M   -16.72 MP-Arcelin_24@Arcelin_24-tot.Arcel1 (Gouffre de l'Arcelin, Amont 2024)
S   -37.66 SP_amont2024-1_1@Arcelin_24-tot.Arcel1 ()
S   -18.73 SP_amont2024-1_2@Arcelin_24-tot.Arcel1 ()
S   -21.45 SP_amont2024-1_3@Arcelin_24-tot.Arcel1 ()
S    -5.33 SP_amont2024-1_4@Arcelin_24-tot.Arcel1 ()
S    -0.44 SP_amont2024-2_1@Arcelin_24-tot.Arcel1 ()
########## end of export maps & scraps selection ###############
writing Exports/arcel1_plan-travail.pdf ...
####################### metapost log file ########################
This is MetaPost, version 2.00 (TeX Live 2019/Debian) (kpathsea version 6.3.1)  8 NOV 2024 12:11
**data.mp
(/usr/share/texlive/texmf-dist/metapost/base/mpost.mp
(/usr/share/texlive/texmf-dist/metapost/base/plain.mp
Preloading the plain mem file, version 1.005) ) (./data.mp
{randomseed:=42}
 [1] [2] [3] [4]
[5] [6] [7] [8] [9] [10] [11] [12] [13] [14]
[15] [1] [2] [3] [4] [5] [6] [7] [8] [9] [10] [11]
[Warning: scrap outline intersects itself in scrap tube-de-prechauffage_SP1@Arc
elin_22-23-tot.Arcel1] [12] [13] [14] [15] [16] [17] [18] [19] [20] [21] [22]
[23] [24] [25] [26] [27] [28] [29] [30] [31]
[Warning: scrap outline intersects itself in scrap arcel1_S4_P@Arcelin_22-23-to
t.Arcel1] [32] [33] [34] [35]
[Warning: scrap outline intersects itself in scrap arcel1_S3_P@Arcelin_22-23-to
t.Arcel1] [36] [37] [38] [39] [40] [41] [42] [43] [44] [45] [46] [47] [48]
[49] [50] [51] [52] [53] [54] [55] [56] [57] [58]
[Warning: scrap outline intersects itself in scrap SP-amont-1@Arcelin_22-23-tot
.Arcel1] [59] [60] [61] [62] [63] [64] [65] [66] [67] [68] [69] [70] [71] [72]
[73] [74] [75] [76] [77] [78] [79] [80] [81] [82] (./mptextmp.mp) [83]
(./mptextmp.mp) (./mptextmp.mp) (./mptextmp.mp) (./mptextmp.mp) (./mptextmp.mp)
(./mptextmp.mp) (./mptextmp.mp) [84] [85] [86] [87] [88] [89] [90] [91] [92]
[93] [94] [95] [96] [97] [98] [99] [100] [101] [102] [103] [104] [105] [106]
[107] [108] [109] [110] [111] [112] [113] )
 
Here is how much of MetaPost's memory you used:
 41315 strings using 957400 characters
 4810376 bytes of node memory
 1766 symbolic tokens
 11i,82n,16p,477b,5f stack positions out of 16i,98n,20p,487b,6f
128 output files written: data-patt.1 .. data.113


#################### end of metapost log file ####################
converting scraps ... done
making map ... done
######################## pdftex log file #########################
This is pdfTeX, Version 3.14159265-2.6-1.40.20 (TeX Live 2019/Debian) (preloaded format=pdftex 2024.4.16)  8 NOV 2024 12:11
entering extended mode
 restricted \write18 enabled.
 %&-line parsing enabled.
**data.tex
(./data.tex (./th_enc.tex) (./th_texts.tex) (./th_resources.tex
(/usr/share/texlive/texmf-dist/tex/generic/pdftex/glyphtounicode.tex))
(./th_fontdef.tex{/var/lib/texmf/fonts/map/pdftex/updmap/pdftex.map})
(./th_formdef.tex
Normal \count register pool exhausted, switching to extended pool.)
(./th_pagedef.tex (./th_legend.tex)) (./th_pages.tex)
 253 numeric registers used out of 32768
 [1] ) 
Here is how much of TeX's memory you used:
 508 strings out of 497099
 6602 string characters out of 6206938
 133522 words of memory out of 5000000
 1737 multiletter control sequences out of 15000+600000
 16065 words of font info for 54 fonts, out of 8000000 for 9000
 14 hyphenation exceptions out of 8191
 10i,5n,9p,329b,71s stack positions out of 5000i,500n,10000p,200000b,80000s
</usr/share/texlive/texmf-dist/fonts/type1/public/amsfonts/cm/cmss10.pfb>
</usr/share/texlive/texmf-dist/fonts/type1/public/amsfonts/cm/cmssi10.pfb>
Output written on data.pdf (1 page, 507830 bytes).
PDF statistics:
 512 PDF objects out of 1000 (max. 8388607)
 259 compressed objects within 3 object streams
 0 named destinations out of 1000 (max. 500000)
 1483 words of extra memory for PDF output out of 10000 (max. 10000000)


##################### end of pdftex log file #####################
done
writing xtherion file ... done
compilation time: 5 sec


######################### loop errors ##########################
REL-ERR ABS-ERR TOTAL-L STS X-ERROR Y-ERROR Z-ERROR STATIONS
  7.66%    3.4m   45.0m  15    3.4m    0.1m    0.5m [27@frequence51.Arcelin_22-23-tot.Arcel1 - 28 - PTR_2 - 2 - 4 - 5 - 6 - 16b - 17 - 18 - 19 - 20 - 21 - P - 26 - 27]
  6.88%    2.9m   42.4m   7    2.6m    0.7m   -1.2m [16@escalier.Arcel1 - 16a - 16b - 16c - 13 - 14 - 15 - 16]
  5.74%    1.0m   17.7m   8    0.7m    0.7m   -0.3m [21@pieuvre_PG-FM.Arcel1 - 22 - 23 - 24 - 25 - 26 = 18 - 19 - 20 - 21]
  1.99%    1.7m   87.1m  22   -0.6m    1.5m   -0.5m [43@frequence51.Arcelin_22-23-tot.Arcel1 - 44 - 47 - 48 - 49 - 50 - 51 - 52 - 53 = 0@amont.Arcelin_22-23-tot.Arcel1 - 1 - 2 - 3 - 4 = 24@puits_remontant.Arcelin_22-23-tot.Arcel1 - 22 - 21 - 7 - 6 - 5 - 4 - 3 - 2 - 1 - 0 = 43@frequence51.Arcelin_22-23-tot.Arcel1]
  1.94%    3.5m  181.6m  42   -1.3m   -2.9m    1.5m [21.3@pieuvre_PG-FM.Arcel1 - 21.2 - 21.1 - 21 - 20 - 19 - 18 - 17 - 16 - 15 - 14 - 13 - 12 - 11 - 10 - 9 - 8 - 7 - 6 - 5 - 4 - 3 - 2 - 1 - 0 = 19@amont.Arcelin_22-23-tot.Arcel1 - 18 - 17 - 16 - 15 - 14 - 13 - 12 - 11 - 10 - 9 - 8 - 7 - 6 - 5 - 4 = 24@puits_remontant.Arcelin_22-23-tot.Arcel1 - 22 - 21 - 7 = 21.3@pieuvre_PG-FM.Arcel1]
  0.79%    2.5m  321.8m  64    1.9m   -0.2m    1.6m [236@escalier.Arcel1 - 235 - 234 - 233 - 23 - 22 - 21 - 20 - 199 - 19 - 18 - 17 - 16 - 15 - 14 - 13 - 12 - 11 - 10 - 9 - 8 - 7 - 6 - 5 - 4 - 3 - 3a - 3b - 3c = 15@amont2024-1.Arcelin_24-tot.Arcel1 - 14 - 13 - 12 - 11 - 10 - 9 - 8 - 7 - 6 - 5 - 4 - 3 - 2 - 1 - 0 = 40@amont.Arcelin_22-23-tot.Arcel1 - 39 - 38 - 37 - 36 - 35 - 34 - 33 - 32 - 31 - 30 - 29 - 28 - 27 - 26 - 25 - 24 - 23 - 22 - 21 - 20 - 19 = 236@escalier.Arcel1]
  0.62%    0.3m   47.6m  14    0.1m    0.1m    0.2m [39@amont2024-1.Arcelin_24-tot.Arcel1 - 38 - 37 - 36 - 35 - 34 - 33 - 32 - 31 - 30 - 29 - 28 - 27 - 26 - 25 = 39]
##################### end of loop errors #######################


###################### scrap distortions #######################
 PROJECTION: plan
 AVERAGE  MAXIMAL  SCRAP
   2.82%   86.17%  SP-Frequence_51-1@Arcelin_22-23-tot.Arcel1
   4.24%   86.02%  pts_oublie_SP1@Arcel1
   0.44%   78.76%  SP-jonction-2@Arcelin_22-23-tot.Arcel1
   6.93%   59.73%  SP-puits_remontant-1@Arcelin_22-23-tot.Arcel1
   4.04%   56.19%  SP-jonction-1@Arcelin_22-23-tot.Arcel1
   0.59%   52.16%  SP_amont2024-1_1@Arcelin_24-tot.Arcel1
   1.67%   42.35%  arcel1_S5_P@Arcelin_22-23-tot.Arcel1
   0.61%   38.74%  SP-amont-1@Arcelin_22-23-tot.Arcel1
   0.45%   34.47%  PR-amont@Arcelin_22-23-tot.Arcel1
   0.37%   21.75%  escalier-SP1@Arcel1
   1.85%    5.80%  SP-Frequence_51-3@Arcelin_22-23-tot.Arcel1
   0.10%    3.37%  SP_amont2024-1_2@Arcelin_24-tot.Arcel1
   0.18%    3.15%  arcel1_S1_P@Arcelin_22-23-tot.Arcel1
   0.04%    1.99%  SP_amont2024-1_4@Arcelin_24-tot.Arcel1
   0.17%    1.72%  SP-jonction-3@Arcelin_22-23-tot.Arcel1
   0.12%    1.19%  arcel1_S3_P@Arcelin_22-23-tot.Arcel1
   0.09%    0.98%  SP_amont2024-1_3@Arcelin_24-tot.Arcel1
   0.08%    0.83%  arcel1_S4_P@Arcelin_22-23-tot.Arcel1
   0.03%    0.75%  SP_amont2024-2_1@Arcelin_24-tot.Arcel1
   0.07%    0.69%  arcel1_S2_P@Arcelin_22-23-tot.Arcel1
   0.12%    0.67%  tube-de-prechauffage_SP1@Arcelin_22-23-tot.Arcel1
   0.00%    0.00%  SP-Frequence_51-2@Arcelin_22-23-tot.Arcel1
################### end of scrap distortions ###################

############# CRS transformations chosen by PROJ ###############
  Area of Use (AoU): (6.770, 45.365) (6.772, 45.379)
  [UTM32 → LONG-LAT] AoU: [yes] transformation: [Inverse of UTM zone 32N + axis order change (2D)] definition: [proj=pipeline step inv proj=utm zone=32 ellps=WGS84 step proj=unitconvert xy_in=rad xy_out=deg] accuracy: [0.000 m]
  [UTM32 → LAT-LONG] AoU: [no] transformation: [Inverse of UTM zone 32N + axis order change (2D)] definition: [proj=pipeline step inv proj=utm zone=32 ellps=WGS84 step proj=unitconvert xy_in=rad xy_out=deg] accuracy: [0.000 m]
  [UTM32 → UTM32] AoU: [yes] transformation: [Inverse of UTM zone 32N + UTM zone 32N] definition: [proj=noop ellps=GRS80] accuracy: [0.000 m]
  [UTM32 → EPSG:4326] AoU: [yes] transformation: [Inverse of UTM zone 32N + axis order change (2D)] definition: [proj=pipeline step inv proj=utm zone=32 ellps=WGS84 step proj=unitconvert xy_in=rad xy_out=deg] accuracy: [0.000 m]
  [EPSG:2154 → LAT-LONG] AoU: [no] transformation: [Inverse of Lambert-93 + RGF93 to WGS 84 (1) + axis order change (2D)] definition: [proj=pipeline step inv proj=lcc lat_0=46.5 lon_0=3 lat_1=49 lat_2=44 x_0=700000 y_0=6600000 ellps=GRS80 step proj=unitconvert xy_in=rad xy_out=deg] accuracy: [1.000 m]
  [EPSG:2154 → UTM32] AoU: [yes] transformation: [Inverse of Lambert-93 + RGF93 to WGS 84 (1) + UTM zone 32N] definition: [proj=pipeline step inv proj=lcc lat_0=46.5 lon_0=3 lat_1=49 lat_2=44 x_0=700000 y_0=6600000 ellps=GRS80 step proj=utm zone=32 ellps=WGS84] accuracy: [1.000 m]
  [EPSG:4326 → UTM32] AoU: [yes] transformation: [axis order change (2D) + UTM zone 32N] definition: [proj=pipeline step proj=unitconvert xy_in=deg xy_out=rad step proj=utm zone=32 ellps=WGS84] accuracy: [0.000 m]
########## end of CRS transformations chosen by PROJ ###########
