therion 5.4.4 (2019-05-01)
initialization file: /etc/therion.ini
reading ... done
checking optional fonts csr10 csti10 csbx10 csss10 csssi10 ... NOT INSTALLED
checking optional fonts cmcyr10 cmcti10 cmcbx10 cmcss10 cmcssi10 ... NOT INSTALLED
configuration file: AR12.thconfig
reading ... done
reading source files ... done
preprocessing database ... done
output coordinate system: UTM32
meridian convergence (deg): 1.5828
geomag declinations (deg):
scanning centreline tree ... done
searching for centerline loops ... done
calculating station coordinates ... done
processing survey data ... 
####################### cavern log file ########################
 1> Survex 1.2.42
 2> Copyright © 1990-2018 Olly Betts
 3> 
 4> La topographie contient 129 stations, connectées par 128 visées.
 5> Il y a 0 bouclages.
 6> Longueur totale de la topographie =  184.24m ( 184.24m ajusté)
 7> Longueur totale en projection horizontale =  129.22m
 8> Longueur totale verticale =  116.89m
 9> Intervalle vertical = 12.05m (de 129 à 0.00m jusqu’à 47 à -12.05m)
10> Intervalle Nord-Sud = 9.56m (de 2 à 5026912.89m jusqu’à 124 à 5026903.33m)
11> Intervalle Est-Ouest = 5.11m (de 47 à 325913.32m jusqu’à 5 à 325908.20m)
12>  121 1-nœuds.
13>    1 8-nœud.
14>    1 13-nœud.
15>    3 17-nœuds.
16>    1 19-nœud.
17>    1 20-nœud.
18>    1 24-nœud.
19> 
######################### transcription ########################
 4> 129 : 9@AR12.AR12 -- 128 : .@AR12.AR12
 9> 129 : 9@AR12.AR12 -- 47 : .@AR12.AR12
10> 2 : 0@AR12.AR12 -- 124 : .@AR12.AR12
11> 47 : .@AR12.AR12 -- 5 : .@AR12.AR12
12> 121 : .@AR12.AR12
13> 1 : 1@AR12.AR12
14> 1 : 1@AR12.AR12
15> 3 : .@AR12.AR12
16> 1 : 1@AR12.AR12
17> 1 : 1@AR12.AR12
18> 1 : 1@AR12.AR12
#################### end of cavern log file ####################
done
calculating basic statistics ... done
processing extended elevation ... done
processing references ... done
selecting export objects ... done
processing projection plan ... done
average distortion: 0.13%
writing Data/AR12-map.xvi ... done
processing projection extended ... done
average distortion: 0.00%
writing Data/AR12-coupe.xvi ... done
processing projection elevation ... done
writing Data/AR12-coupe_elevation.xvi ... done
writing Outputs/AR12-coupe_elevation.pdf ...
####################### metapost log file ########################
This is MetaPost, version 2.00 (TeX Live 2019/Debian) (kpathsea version 6.3.1)  11 MAR 2024 11:10
**data.mp
(/usr/share/texlive/texmf-dist/metapost/base/mpost.mp
(/usr/share/texlive/texmf-dist/metapost/base/plain.mp
Preloading the plain mem file, version 1.005) ) (./data.mp
{randomseed:=42}
 [4001] [4002] [4003] [4004] [4005] [4006] [4007] [4008] [4009] [4010] [4011] [
4012] [4013]
[4014] [1] (./mptextmp.mp) [2] (./mptextmp.mp) (./mptextmp.mp) (./mptextmp.mp)
(./mptextmp.mp) (./mptextmp.mp) (./mptextmp.mp) [3] [4] )
 
Here is how much of MetaPost's memory you used:
 1278 strings using 30011 characters
 3102616 bytes of node memory
 1496 symbolic tokens
 9i,82n,12p,213b,5f stack positions out of 16i,98n,15p,250b,6f
18 output files written: data.1 .. data.4014


#################### end of metapost log file ####################
converting scraps ... done
making map ... done
######################## pdftex log file #########################
This is pdfTeX, Version 3.14159265-2.6-1.40.20 (TeX Live 2019/Debian) (preloaded format=pdfetex 2023.10.4)  11 MAR 2024 11:10
entering extended mode
 restricted \write18 enabled.
 %&-line parsing enabled.
**data.tex
(./data.tex (./th_enc.tex) (./th_texts.tex) (./th_resources.tex
(/usr/share/texlive/texmf-dist/tex/generic/pdftex/glyphtounicode.tex))
(./th_fontdef.tex{/var/lib/texmf/fonts/map/pdftex/updmap/pdftex.map})
(./th_formdef.tex) (./th_pagedef.tex (./th_legend.tex)) (./th_pages.tex)
 51 numeric registers used out of 32768

[1] ) 
Here is how much of TeX's memory you used:
 264 strings out of 497099
 2702 string characters out of 6206935
 26443 words of memory out of 5000000
 1493 multiletter control sequences out of 15000+600000
 16411 words of font info for 55 fonts, out of 8000000 for 9000
 14 hyphenation exceptions out of 8191
 12i,5n,8p,530b,70s stack positions out of 5000i,500n,10000p,200000b,80000s
</usr/share/texlive/texmf-dist/fonts/type1/public/amsfonts/cm/cmss10.pfb><
/usr/share/texlive/texmf-dist/fonts/type1/public/amsfonts/cm/cmssi10.pfb></usr/
share/texlive/texmf-dist/fonts/type1/public/amsfonts/cm/cmti10.pfb>
Output written on data.pdf (1 page, 41733 bytes).
PDF statistics:
 43 PDF objects out of 1000 (max. 8388607)
 26 compressed objects within 1 object stream
 0 named destinations out of 1000 (max. 500000)
 67 words of extra memory for PDF output out of 10000 (max. 10000000)


##################### end of pdftex log file #####################
done
writing Outputs/AR12-coupe.pdf ...
####################### metapost log file ########################
This is MetaPost, version 2.00 (TeX Live 2019/Debian) (kpathsea version 6.3.1)  11 MAR 2024 11:10
**data.mp
(/usr/share/texlive/texmf-dist/metapost/base/mpost.mp
(/usr/share/texlive/texmf-dist/metapost/base/plain.mp
Preloading the plain mem file, version 1.005) ) (./data.mp
{randomseed:=42}
 [4001] [4002] [4003] [4004] [4005] [4006] [4007] [4008] [4009] [4010] [4011] [
4012] [4013]
[4014] [1]
[Warning: scrap outline intersects itself in scrap SC-AR12-1@AR12] [2] [3]
[4] (./mptextmp.mp) [5] (./mptextmp.mp) (./mptextmp.mp) (./mptextmp.mp)
(./mptextmp.mp) (./mptextmp.mp) (./mptextmp.mp) [6] [7] [8] [9] [10] [11] [12]
[13] )
 
Here is how much of MetaPost's memory you used:
 2321 strings using 53062 characters
 3172776 bytes of node memory
 1498 symbolic tokens
 9i,82n,18p,213b,5f stack positions out of 16i,98n,22p,250b,6f
27 output files written: data.1 .. data.4014


#################### end of metapost log file ####################
converting scraps ... done
making map ... done
######################## pdftex log file #########################
This is pdfTeX, Version 3.14159265-2.6-1.40.20 (TeX Live 2019/Debian) (preloaded format=pdfetex 2023.10.4)  11 MAR 2024 11:10
entering extended mode
 restricted \write18 enabled.
 %&-line parsing enabled.
**data.tex
(./data.tex (./th_enc.tex) (./th_texts.tex) (./th_resources.tex
(/usr/share/texlive/texmf-dist/tex/generic/pdftex/glyphtounicode.tex))
(./th_fontdef.tex{/var/lib/texmf/fonts/map/pdftex/updmap/pdftex.map})
(./th_formdef.tex) (./th_pagedef.tex (./th_legend.tex)) (./th_pages.tex)
 61 numeric registers used out of 32768

[1] ) 
Here is how much of TeX's memory you used:
 274 strings out of 497099
 2787 string characters out of 6206935
 33070 words of memory out of 5000000
 1503 multiletter control sequences out of 15000+600000
 16411 words of font info for 55 fonts, out of 8000000 for 9000
 14 hyphenation exceptions out of 8191
 12i,5n,8p,530b,70s stack positions out of 5000i,500n,10000p,200000b,80000s
</usr/share/texlive/texmf-dist/fonts/type1/public/amsfonts/cm/cmss10.pfb><
/usr/share/texlive/texmf-dist/fonts/type1/public/amsfonts/cm/cmssi10.pfb></usr/
share/texlive/texmf-dist/fonts/type1/public/amsfonts/cm/cmti10.pfb>
Output written on data.pdf (1 page, 52706 bytes).
PDF statistics:
 63 PDF objects out of 1000 (max. 8388607)
 36 compressed objects within 1 object stream
 0 named destinations out of 1000 (max. 500000)
 127 words of extra memory for PDF output out of 10000 (max. 10000000)


##################### end of pdftex log file #####################
done
writing Outputs/AR12-plan.pdf ...
####################### metapost log file ########################
This is MetaPost, version 2.00 (TeX Live 2019/Debian) (kpathsea version 6.3.1)  11 MAR 2024 11:10
**data.mp
(/usr/share/texlive/texmf-dist/metapost/base/mpost.mp
(/usr/share/texlive/texmf-dist/metapost/base/plain.mp
Preloading the plain mem file, version 1.005) ) (./data.mp
{randomseed:=42}
 [4001] [4002] [4003] [4004] [4005] [4006] [4007] [4008] [4009] [4010] [4011] [
4012] [4013]
[4014] [1] [2] [3] (./mptextmp.mp) [4] (./mptextmp.mp) (./mptextmp.mp)
(./mptextmp.mp) (./mptextmp.mp) (./mptextmp.mp) (./mptextmp.mp) [5] [6] [7]
[8] )
 
Here is how much of MetaPost's memory you used:
 1916 strings using 42616 characters
 3081448 bytes of node memory
 1495 symbolic tokens
 9i,82n,12p,213b,5f stack positions out of 16i,98n,15p,250b,6f
22 output files written: data.1 .. data.4014


#################### end of metapost log file ####################
converting scraps ... done
making map ... done
######################## pdftex log file #########################
This is pdfTeX, Version 3.14159265-2.6-1.40.20 (TeX Live 2019/Debian) (preloaded format=pdfetex 2023.10.4)  11 MAR 2024 11:10
entering extended mode
 restricted \write18 enabled.
 %&-line parsing enabled.
**data.tex
(./data.tex (./th_enc.tex) (./th_texts.tex) (./th_resources.tex
(/usr/share/texlive/texmf-dist/tex/generic/pdftex/glyphtounicode.tex))
(./th_fontdef.tex{/var/lib/texmf/fonts/map/pdftex/updmap/pdftex.map})
(./th_formdef.tex) (./th_pagedef.tex (./th_legend.tex)) (./th_pages.tex)
 56 numeric registers used out of 32768

[1] ) 
Here is how much of TeX's memory you used:
 269 strings out of 497099
 2748 string characters out of 6206935
 16420 words of memory out of 5000000
 1498 multiletter control sequences out of 15000+600000
 16411 words of font info for 55 fonts, out of 8000000 for 9000
 14 hyphenation exceptions out of 8191
 12i,5n,8p,408b,72s stack positions out of 5000i,500n,10000p,200000b,80000s
</usr/share/texlive/texmf-dist/fonts/type1/public/amsfonts/cm/cmss10.pfb><
/usr/share/texlive/texmf-dist/fonts/type1/public/amsfonts/cm/cmssi10.pfb></usr/
share/texlive/texmf-dist/fonts/type1/public/amsfonts/cm/cmti10.pfb>
Output written on data.pdf (1 page, 43670 bytes).
PDF statistics:
 53 PDF objects out of 1000 (max. 8388607)
 31 compressed objects within 1 object stream
 0 named destinations out of 1000 (max. 500000)
 97 words of extra memory for PDF output out of 10000 (max. 10000000)


##################### end of pdftex log file #####################
done
writing xtherion file ... done
compilation time: 4 sec


###################### scrap distortions #######################
 PROJECTION: plan
 AVERAGE  MAXIMAL  SCRAP
   0.13%    1.08%  SP-AR12-1@AR12
################### end of scrap distortions ###################


###################### scrap distortions #######################
 PROJECTION: extended
 AVERAGE  MAXIMAL  SCRAP
   0.00%    0.01%  SC-AR12-1@AR12
################### end of scrap distortions ###################
