therion 5.4.4 (2019-05-01)
initialization file: /etc/therion.ini
reading ... done
checking optional fonts csr10 csti10 csbx10 csss10 csssi10 ... NOT INSTALLED
checking optional fonts cmcyr10 cmcti10 cmcbx10 cmcss10 cmcssi10 ... NOT INSTALLED
configuration file: lagon-bleu-haut.thconfig
reading ... done
reading source files ... done
preprocessing database ... done
output coordinate system: UTM32
meridian convergence (deg): 1.5821
geomag declinations (deg):
scanning centreline tree ... done
searching for centerline loops ... done
calculating station coordinates ... done
processing survey data ... 
####################### cavern log file ########################
 1> Survex 1.2.42
 2> Copyright © 1990-2018 Olly Betts
 3> 
 4> La topographie contient 349 stations, connectées par 347 visées.
 5> Il y a 1 bouclage.
 6> La topographie contient 3 composants connectés.
 7> Longueur totale de la topographie = 1317.78m (1317.78m ajusté)
 8> Longueur totale en projection horizontale = 1188.90m
 9> Longueur totale verticale =  397.45m
10> Intervalle vertical = 27.99m (de 76 à 2827.37m jusqu’à 218 à 2799.37m)
11> Intervalle Nord-Sud = 168.79m (de 222 à 5027118.47m jusqu’à 99 à 5026949.68m)
12> Intervalle Est-Ouest = 46.46m (de 299 à 326020.46m jusqu’à 1 à 325974.00m)
13>  307 1-nœuds.
14>    2 2-nœuds.
15>    1 4-nœud.
16>    4 5-nœuds.
17>    4 6-nœuds.
18>    2 7-nœuds.
19>    7 8-nœuds.
20>    4 9-nœuds.
21>    4 10-nœuds.
22>    2 11-nœuds.
23>    2 12-nœuds.
24>    4 13-nœuds.
25>    2 14-nœuds.
26>    2 15-nœuds.
27>    1 16-nœud.
28>    1 17-nœud.
29> 
######################### transcription ########################
 4> 349 : .@lagon-bleu-bas.lagon-bleu-haut -- 347 : .@lagon-bleu-bas.lagon-bleu-haut
 5> 1 : 00@lagon_bleu.lagon-bleu-haut
 6> 3 : .@lagon_bleu.lagon-bleu-haut
10> 76 : .@lagon_bleu.lagon-bleu-haut -- 218 : .@lagon-bleu-bas.lagon-bleu-haut
11> 222 : .@lagon-bleu-bas.lagon-bleu-haut -- 99 : .@lagon_bleu.lagon-bleu-haut
12> 299 : .@lagon-bleu-bas.lagon-bleu-haut -- 1 : 00@lagon_bleu.lagon-bleu-haut
13> 307 : .@lagon-bleu-bas.lagon-bleu-haut
14> 2 : .@lagon_bleu.lagon-bleu-haut
15> 1 : 00@lagon_bleu.lagon-bleu-haut
16> 4 : .@lagon_bleu.lagon-bleu-haut
17> 4 : .@lagon_bleu.lagon-bleu-haut
18> 2 : .@lagon_bleu.lagon-bleu-haut
19> 7 : .@lagon_bleu.lagon-bleu-haut
20> 4 : .@lagon_bleu.lagon-bleu-haut
21> 4 : .@lagon_bleu.lagon-bleu-haut
22> 2 : .@lagon_bleu.lagon-bleu-haut
23> 2 : .@lagon_bleu.lagon-bleu-haut
24> 4 : .@lagon_bleu.lagon-bleu-haut
25> 2 : .@lagon_bleu.lagon-bleu-haut
26> 2 : .@lagon_bleu.lagon-bleu-haut
27> 1 : 00@lagon_bleu.lagon-bleu-haut
28> 1 : 00@lagon_bleu.lagon-bleu-haut
#################### end of cavern log file ####################
done
calculating basic statistics ... done
processing extended elevation ... done
processing references ... done
selecting export objects ... 
therion: warning -- lagon-bleu-haut.thconfig [307] -- object not found -- "MP-lagon-bleu-haut-plan-tot"

therion: warning -- lagon-bleu-haut.thconfig [308] -- object not found -- "MC-lagon-bleu-haut-coupe-tot"
done
processing projection plan ... done
average distortion: 0.11%
writing Outputs/lagon-bleu-haut-plan.pdf ...
####################### metapost log file ########################
This is MetaPost, version 2.00 (TeX Live 2019/Debian) (kpathsea version 6.3.1)  11 MAR 2024 22:03
**data.mp
(/usr/share/texlive/texmf-dist/metapost/base/mpost.mp
(/usr/share/texlive/texmf-dist/metapost/base/plain.mp
Preloading the plain mem file, version 1.005) ) (./data.mp
{randomseed:=42}
 [4001] [4002] [4003] [4004] [4005] [4006] [4007] [4008] [4009] [4010] [4011] [
4012] [4013]
[1]
[Warning: scrap outline intersects itself in scrap SP-lagon-bleu-bas-1@lagon-bl
eu-haut] [2] [3] [4] [5] [6] (./mptextmp.mp) [7] (./mptextmp.mp) (./mptextmp.mp
) (./mptextmp.mp) (./mptextmp.mp) (./mptextmp.mp) (./mptextmp.mp) [8] [9] [10]
[11] [12] [13] [14] [15] [16] [17] [18] [19] [20] [21] [22] )
 
Here is how much of MetaPost's memory you used:
 9895 strings using 213315 characters
 3565216 bytes of node memory
 1488 symbolic tokens
 11i,82n,14p,202b,5f stack positions out of 16i,98n,17p,250b,6f
35 output files written: data.1 .. data.4013


#################### end of metapost log file ####################
converting scraps ... done
making map ... done
######################## pdftex log file #########################
This is pdfTeX, Version 3.14159265-2.6-1.40.20 (TeX Live 2019/Debian) (preloaded format=pdfetex 2023.10.4)  11 MAR 2024 22:03
entering extended mode
 restricted \write18 enabled.
 %&-line parsing enabled.
**data.tex
(./data.tex (./th_enc.tex) (./th_texts.tex) (./th_resources.tex
(/usr/share/texlive/texmf-dist/tex/generic/pdftex/glyphtounicode.tex))
(./th_fontdef.tex{/var/lib/texmf/fonts/map/pdftex/updmap/pdftex.map})
(./th_formdef.tex) (./th_pagedef.tex (./th_legend.tex)) (./th_pages.tex)
 71 numeric registers used out of 32768

[1] ) 
Here is how much of TeX's memory you used:
 284 strings out of 497099
 2868 string characters out of 6206935
 110105 words of memory out of 5000000
 1513 multiletter control sequences out of 15000+600000
 16411 words of font info for 55 fonts, out of 8000000 for 9000
 14 hyphenation exceptions out of 8191
 12i,5n,8p,408b,72s stack positions out of 5000i,500n,10000p,200000b,80000s
</usr/share/texlive/texmf-dist/fonts/type1/public/amsfonts/cm/cmss10.pfb><
/usr/share/texlive/texmf-dist/fonts/type1/public/amsfonts/cm/cmssi10.pfb></usr/
share/texlive/texmf-dist/fonts/type1/public/amsfonts/cm/cmti10.pfb>
Output written on data.pdf (1 page, 113409 bytes).
PDF statistics:
 85 PDF objects out of 1000 (max. 8388607)
 47 compressed objects within 1 object stream
 0 named destinations out of 1000 (max. 500000)
 193 words of extra memory for PDF output out of 10000 (max. 10000000)


##################### end of pdftex log file #####################
done
writing Outputs/lagon-bleu-haut.lox ....
therion: warning -- SP-lagon-bleu-haut-1@lagon-bleu-haut -- multiple scrap outer outlines not supported yet
. done
####################### metapost log file ########################
This is MetaPost, version 2.00 (TeX Live 2019/Debian) (kpathsea version 6.3.1)  11 MAR 2024 22:03
**data.mp
(/usr/share/texlive/texmf-dist/metapost/base/mpost.mp
(/usr/share/texlive/texmf-dist/metapost/base/plain.mp
Preloading the plain mem file, version 1.005) ) (./data.mp [1] )
1 output file written: data.1


#################### end of metapost log file ####################
writing Outputs/lagon-bleu-haut ... done
writing Outputs/lagon-bleu-haut.kml ... done
writing xtherion file ... done
compilation time: 8 sec


###################### scrap distortions #######################
 PROJECTION: plan
 AVERAGE  MAXIMAL  SCRAP
   0.16%    1.04%  SP-lagon-bleu-haut-1@lagon-bleu-haut
   0.03%    0.54%  SP-lagon-bleu-bas-1@lagon-bleu-haut
################### end of scrap distortions ###################
