therion 5.4.4 (2019-05-01)
initialization file: /etc/therion.ini
reading ... done
checking optional fonts csr10 csti10 csbx10 csss10 csssi10 ... NOT INSTALLED
checking optional fonts cmcyr10 cmcti10 cmcbx10 cmcss10 cmcssi10 ... NOT INSTALLED
configuration file: M1b.thconfig
reading ... done
reading source files ... done
preprocessing database ... done
output coordinate system: UTM32
meridian convergence (deg): 1.5735
geomag declinations (deg):
scanning centreline tree ... done
searching for centerline loops ... done
calculating station coordinates ... done
processing survey data ... 
####################### cavern log file ########################
 1> Survex 1.2.42
 2> Copyright © 1990-2018 Olly Betts
 3> 
 4> La topographie contient 148 stations, connectées par 147 visées.
 5> Il y a 0 bouclages.
 6> Longueur totale de la topographie =  372.73m ( 372.73m ajusté)
 7> Longueur totale en projection horizontale =  229.10m
 8> Longueur totale verticale =  226.72m
 9> Intervalle vertical = 51.68m (de 1 à 3055.00m jusqu’à 144 à 3003.32m)
10> Intervalle Nord-Sud = 20.85m (de 1 à 5026481.52m jusqu’à 128 à 5026460.67m)
11> Intervalle Est-Ouest = 28.11m (de 9 à 326906.04m jusqu’à 146 à 326877.92m)
12>  126 1-nœuds.
13>    1 2-nœud.
14>    1 5-nœud.
15>    4 6-nœuds.
16>    4 7-nœuds.
17>    5 8-nœuds.
18>    5 9-nœuds.
19>    1 10-nœud.
20>    1 14-nœud.
21> 
######################### transcription ########################
 4> 148 : 23@M1b.M1b -- 147 : .@M1b.M1b
 9> 1 : 0@M1b.M1b -- 144 : .@M1b.M1b
10> 1 : 0@M1b.M1b -- 128 : .@M1b.M1b
11> 9 : .@M1b.M1b -- 146 : .@M1b.M1b
12> 126 : .@M1b.M1b
13> 1 : 0@M1b.M1b
14> 1 : 0@M1b.M1b
15> 4 : .@M1b.M1b
16> 4 : .@M1b.M1b
17> 5 : .@M1b.M1b
18> 5 : .@M1b.M1b
19> 1 : 0@M1b.M1b
20> 1 : 0@M1b.M1b
#################### end of cavern log file ####################
done
calculating basic statistics ... done
processing extended elevation ... done
processing references ... done
selecting export objects ... done
processing projection plan ... done
average distortion: 0.14%
writing Data/M1b-map.xvi ... done
processing projection extended ... done
average distortion: 0.09%
writing Data/M1b-coupe.xvi ... done
writing Outputs/M1b-coupe.pdf ...
####################### metapost log file ########################
This is MetaPost, version 2.00 (TeX Live 2019/Debian) (kpathsea version 6.3.1)  18 MAR 2024 10:27
**data.mp
(/usr/share/texlive/texmf-dist/metapost/base/mpost.mp
(/usr/share/texlive/texmf-dist/metapost/base/plain.mp
Preloading the plain mem file, version 1.005) ) (./data.mp
{randomseed:=42}
 [4001] [4002] [4003] [4004] [4005] [4006] [4007] [4008] [4009] [4010] [4011] [
4012] [4013]
[1] [2] [3] [4] (./mptextmp.mp) [5] (./mptextmp.mp) (./mptextmp.mp)
(./mptextmp.mp) (./mptextmp.mp) (./mptextmp.mp) (./mptextmp.mp) [6] [7] [8]
[9] [10] [11] [12] )
 
Here is how much of MetaPost's memory you used:
 3152 strings using 75074 characters
 3329408 bytes of node memory
 1490 symbolic tokens
 9i,82n,18p,209b,5f stack positions out of 16i,98n,22p,250b,6f
25 output files written: data.1 .. data.4013


#################### end of metapost log file ####################
converting scraps ... done
making map ... done
######################## pdftex log file #########################
This is pdfTeX, Version 3.14159265-2.6-1.40.20 (TeX Live 2019/Debian) (preloaded format=pdfetex 2023.10.4)  18 MAR 2024 10:27
entering extended mode
 restricted \write18 enabled.
 %&-line parsing enabled.
**data.tex
(./data.tex (./th_enc.tex) (./th_texts.tex) (./th_resources.tex
(/usr/share/texlive/texmf-dist/tex/generic/pdftex/glyphtounicode.tex))
(./th_fontdef.tex{/var/lib/texmf/fonts/map/pdftex/updmap/pdftex.map})
(./th_formdef.tex) (./th_pagedef.tex (./th_legend.tex)) (./th_pages.tex)
 60 numeric registers used out of 32768

[1] ) 
Here is how much of TeX's memory you used:
 273 strings out of 497099
 2780 string characters out of 6206935
 63635 words of memory out of 5000000
 1502 multiletter control sequences out of 15000+600000
 16411 words of font info for 55 fonts, out of 8000000 for 9000
 14 hyphenation exceptions out of 8191
 12i,5n,8p,712b,70s stack positions out of 5000i,500n,10000p,200000b,80000s
</usr/share/texlive/texmf-dist/fonts/type1/public/amsfonts/cm/cmss10.pfb><
/usr/share/texlive/texmf-dist/fonts/type1/public/amsfonts/cm/cmssi10.pfb></usr/
share/texlive/texmf-dist/fonts/type1/public/amsfonts/cm/cmti10.pfb>
Output written on data.pdf (1 page, 63291 bytes).
PDF statistics:
 61 PDF objects out of 1000 (max. 8388607)
 35 compressed objects within 1 object stream
 0 named destinations out of 1000 (max. 500000)
 121 words of extra memory for PDF output out of 10000 (max. 10000000)


##################### end of pdftex log file #####################
done
writing Outputs/M1b-plan.pdf ...
####################### metapost log file ########################
This is MetaPost, version 2.00 (TeX Live 2019/Debian) (kpathsea version 6.3.1)  18 MAR 2024 10:27
**data.mp
(/usr/share/texlive/texmf-dist/metapost/base/mpost.mp
(/usr/share/texlive/texmf-dist/metapost/base/plain.mp
Preloading the plain mem file, version 1.005) ) (./data.mp
{randomseed:=42}
 [4001] [4002] [4003] [4004] [4005] [4006] [4007] [4008] [4009] [4010] [4011] [
4012] [4013]
[1]
[Warning: scrap outline intersects itself in scrap SP-M1b-1@M1b] [2] [3] [4]
(./mptextmp.mp) [5] (./mptextmp.mp) (./mptextmp.mp) (./mptextmp.mp)
(./mptextmp.mp) (./mptextmp.mp) (./mptextmp.mp) [6] [7] [8] [9] [10] [11] [12]
[13] [14] [15] )
 
Here is how much of MetaPost's memory you used:
 4408 strings using 105324 characters
 3416440 bytes of node memory
 1490 symbolic tokens
 9i,82n,18p,210b,5f stack positions out of 16i,98n,22p,250b,6f
28 output files written: data.1 .. data.4013


#################### end of metapost log file ####################
converting scraps ... done
making map ... done
######################## pdftex log file #########################
This is pdfTeX, Version 3.14159265-2.6-1.40.20 (TeX Live 2019/Debian) (preloaded format=pdfetex 2023.10.4)  18 MAR 2024 10:27
entering extended mode
 restricted \write18 enabled.
 %&-line parsing enabled.
**data.tex
(./data.tex (./th_enc.tex) (./th_texts.tex) (./th_resources.tex
(/usr/share/texlive/texmf-dist/tex/generic/pdftex/glyphtounicode.tex))
(./th_fontdef.tex{/var/lib/texmf/fonts/map/pdftex/updmap/pdftex.map})
(./th_formdef.tex) (./th_pagedef.tex (./th_legend.tex) </home/xavier/Documents/
Spéléo/Karst Vanoise/QGIS_Vanoise/th-vanoise/datas/2023/M1b/Outputs/M1b-coupe
.pdf>) (./th_pages.tex)
 63 numeric registers used out of 32768
 [1] ) 
Here is how much of TeX's memory you used:
 276 strings out of 497099
 2801 string characters out of 6206935
 105402 words of memory out of 5000000
 1505 multiletter control sequences out of 15000+600000
 16411 words of font info for 55 fonts, out of 8000000 for 9000
 14 hyphenation exceptions out of 8191
 13i,5n,8p,712b,72s stack positions out of 5000i,500n,10000p,200000b,80000s
</usr/share/texlive/texmf-dist/fonts/type1/public/amsfonts/cm/cmss10.pfb>
</usr/share/texlive/texmf-dist/fonts/type1/public/amsfonts/cm/cmssi10.pfb></usr
/share/texlive/texmf-dist/fonts/type1/public/amsfonts/cm/cmti10.pfb>
Output written on data.pdf (1 page, 149887 bytes).
PDF statistics:
 115 PDF objects out of 1000 (max. 8388607)
 65 compressed objects within 1 object stream
 0 named destinations out of 1000 (max. 500000)
 144 words of extra memory for PDF output out of 10000 (max. 10000000)


##################### end of pdftex log file #####################
done
writing Outputs/M1b.lox .... done
writing Outputs/questions.html ... done
writing Outputs/M1b.html ... done
####################### metapost log file ########################
This is MetaPost, version 2.00 (TeX Live 2019/Debian) (kpathsea version 6.3.1)  18 MAR 2024 10:27
**data.mp
(/usr/share/texlive/texmf-dist/metapost/base/mpost.mp
(/usr/share/texlive/texmf-dist/metapost/base/plain.mp
Preloading the plain mem file, version 1.005) ) (./data.mp [1] )
1 output file written: data.1


#################### end of metapost log file ####################
writing Outputs/M1b ... done
writing Outputs/M1b.kml ... done
writing xtherion file ... done
compilation time: 4 sec


###################### scrap distortions #######################
 PROJECTION: plan
 AVERAGE  MAXIMAL  SCRAP
   0.14%    1.45%  SP-M1b-1@M1b
################### end of scrap distortions ###################


###################### scrap distortions #######################
 PROJECTION: extended
 AVERAGE  MAXIMAL  SCRAP
   0.09%    1.28%  SC-M1b-1@M1b
################### end of scrap distortions ###################
